<?xml version="1.0" encoding="UTF-8"?>
<coverage generated="1774406388346" clover="3.2.0">
  <project timestamp="1774406388347" name="All files">
    <metrics statements="594" coveredstatements="565" conditionals="212" coveredconditionals="170" methods="125" coveredmethods="120" elements="931" coveredelements="855" complexity="0" loc="594" ncloc="594" packages="4" files="9" classes="9"/>
    <package name="src">
      <metrics statements="64" coveredstatements="62" conditionals="20" coveredconditionals="20" methods="27" coveredmethods="27"/>
      <file name="events.ts" path="/home/liam/Documents/Projects/piano/src/events.ts">
        <metrics statements="13" coveredstatements="13" conditionals="6" coveredconditionals="6" methods="6" coveredmethods="6"/>
        <line num="6" count="67" type="stmt"/>
        <line num="9" count="25" type="cond" truecount="2" falsecount="0"/>
        <line num="10" count="20" type="stmt"/>
        <line num="12" count="25" type="stmt"/>
        <line num="16" count="4" type="stmt"/>
        <line num="20" count="130" type="stmt"/>
        <line num="21" count="18" type="stmt"/>
        <line num="22" count="18" type="stmt"/>
        <line num="24" count="1" type="stmt"/>
        <line num="30" count="3" type="cond" truecount="2" falsecount="0"/>
        <line num="31" count="2" type="stmt"/>
        <line num="33" count="1" type="stmt"/>
        <line num="38" count="4" type="cond" truecount="2" falsecount="0"/>
      </file>
      <file name="progress.ts" path="/home/liam/Documents/Projects/piano/src/progress.ts">
        <metrics statements="21" coveredstatements="19" conditionals="5" coveredconditionals="5" methods="12" coveredmethods="12"/>
        <line num="14" count="1" type="stmt"/>
        <line num="17" count="33" type="stmt"/>
        <line num="18" count="33" type="stmt"/>
        <line num="19" count="33" type="cond" truecount="2" falsecount="0"/>
        <line num="21" count="1" type="stmt"/>
        <line num="26" count="20" type="stmt"/>
        <line num="27" count="20" type="stmt"/>
        <line num="29" count="20" type="stmt"/>
        <line num="30" count="20" type="stmt"/>
        <line num="31" count="20" type="stmt"/>
        <line num="34" count="0" type="stmt"/>
        <line num="39" count="12" type="stmt"/>
        <line num="43" count="2" type="stmt"/>
        <line num="44" count="2" type="cond" truecount="2" falsecount="0"/>
        <line num="45" count="3" type="stmt"/>
        <line num="49" count="1" type="stmt"/>
        <line num="53" count="3" type="stmt"/>
        <line num="57" count="2" type="stmt"/>
        <line num="61" count="1" type="stmt"/>
        <line num="62" count="1" type="stmt"/>
        <line num="65" count="0" type="stmt"/>
      </file>
      <file name="types.ts" path="/home/liam/Documents/Projects/piano/src/types.ts">
        <metrics statements="30" coveredstatements="30" conditionals="9" coveredconditionals="9" methods="9" coveredmethods="9"/>
        <line num="72" count="7" type="stmt"/>
        <line num="94" count="7" type="stmt"/>
        <line num="95" count="7" type="stmt"/>
        <line num="98" count="509" type="stmt"/>
        <line num="99" count="509" type="stmt"/>
        <line num="100" count="509" type="cond" truecount="2" falsecount="0"/>
        <line num="101" count="509" type="stmt"/>
        <line num="105" count="191" type="stmt"/>
        <line num="106" count="191" type="cond" truecount="2" falsecount="0"/>
        <line num="107" count="188" type="stmt"/>
        <line num="108" count="188" type="stmt"/>
        <line num="109" count="188" type="stmt"/>
        <line num="110" count="188" type="stmt"/>
        <line num="111" count="188" type="stmt"/>
        <line num="112" count="81" type="cond" truecount="2" falsecount="0"/>
        <line num="114" count="188" type="stmt"/>
        <line num="115" count="188" type="stmt"/>
        <line num="119" count="7" type="stmt"/>
        <line num="123" count="5" type="stmt"/>
        <line num="127" count="2" type="stmt"/>
        <line num="131" count="3" type="stmt"/>
        <line num="139" count="7" type="cond" truecount="2" falsecount="0"/>
        <line num="142" count="7" type="stmt"/>
        <line num="144" count="7" type="stmt"/>
        <line num="145" count="7" type="stmt"/>
        <line num="146" count="7" type="stmt"/>
        <line num="147" count="7" type="stmt"/>
        <line num="149" count="7" type="stmt"/>
        <line num="154" count="5" type="stmt"/>
        <line num="157" count="11" type="stmt"/>
      </file>
    </package>
    <package name="src.input">
      <metrics statements="169" coveredstatements="154" conditionals="47" coveredconditionals="34" methods="33" coveredmethods="29"/>
      <file name="InputManager.ts" path="/home/liam/Documents/Projects/piano/src/input/InputManager.ts">
        <metrics statements="20" coveredstatements="20" conditionals="3" coveredconditionals="3" methods="9" coveredmethods="9"/>
        <line num="6" count="75" type="stmt"/>
        <line num="7" count="75" type="stmt"/>
        <line num="10" count="60" type="stmt"/>
        <line num="14" count="12" type="stmt"/>
        <line num="18" count="120" type="cond" truecount="2" falsecount="0"/>
        <line num="19" count="93" type="stmt"/>
        <line num="21" count="27" type="stmt"/>
        <line num="23" count="120" type="stmt"/>
        <line num="24" count="85" type="stmt"/>
        <line num="25" count="85" type="stmt"/>
        <line num="27" count="1" type="stmt"/>
        <line num="33" count="6" type="stmt"/>
        <line num="37" count="10" type="stmt"/>
        <line num="42" count="80" type="stmt"/>
        <line num="51" count="13" type="stmt"/>
        <line num="61" count="23" type="stmt"/>
        <line num="62" count="11" type="stmt"/>
        <line num="69" count="23" type="stmt"/>
        <line num="73" count="22" type="stmt"/>
        <line num="74" count="22" type="stmt"/>
      </file>
      <file name="KeyboardInput.ts" path="/home/liam/Documents/Projects/piano/src/input/KeyboardInput.ts">
        <metrics statements="29" coveredstatements="28" conditionals="18" coveredconditionals="16" methods="9" coveredmethods="8"/>
        <line num="7" count="1" type="stmt"/>
        <line num="45" count="12" type="stmt"/>
        <line num="46" count="12" type="stmt"/>
        <line num="51" count="12" type="stmt"/>
        <line num="53" count="12" type="stmt"/>
        <line num="54" count="12" type="cond" truecount="2" falsecount="0"/>
        <line num="56" count="11" type="cond" truecount="4" falsecount="0"/>
        <line num="58" count="10" type="stmt"/>
        <line num="59" count="10" type="cond" truecount="4" falsecount="0"/>
        <line num="60" count="7" type="stmt"/>
        <line num="61" count="7" type="stmt"/>
        <line num="62" count="7" type="stmt"/>
        <line num="71" count="12" type="stmt"/>
        <line num="72" count="1" type="cond" truecount="1" falsecount="1"/>
        <line num="73" count="1" type="stmt"/>
        <line num="74" count="1" type="cond" truecount="3" falsecount="1"/>
        <line num="75" count="1" type="stmt"/>
        <line num="76" count="1" type="stmt"/>
        <line num="87" count="12" type="stmt"/>
        <line num="88" count="12" type="stmt"/>
        <line num="92" count="3" type="stmt"/>
        <line num="93" count="3" type="cond" truecount="2" falsecount="0"/>
        <line num="94" count="2" type="stmt"/>
        <line num="99" count="0" type="stmt"/>
        <line num="103" count="1" type="stmt"/>
        <line num="107" count="3" type="stmt"/>
        <line num="111" count="13" type="stmt"/>
        <line num="112" count="13" type="stmt"/>
        <line num="113" count="13" type="stmt"/>
      </file>
      <file name="VirtualKeyboard.ts" path="/home/liam/Documents/Projects/piano/src/input/VirtualKeyboard.ts">
        <metrics statements="120" coveredstatements="106" conditionals="26" coveredconditionals="15" methods="15" coveredmethods="12"/>
        <line num="4" count="1" type="stmt"/>
        <line num="5" count="1" type="stmt"/>
        <line num="6" count="1" type="stmt"/>
        <line num="19" count="9" type="stmt"/>
        <line num="20" count="9" type="stmt"/>
        <line num="21" count="9" type="stmt"/>
        <line num="22" count="9" type="stmt"/>
        <line num="23" count="9" type="stmt"/>
        <line num="31" count="9" type="stmt"/>
        <line num="32" count="9" type="stmt"/>
        <line num="33" count="9" type="stmt"/>
        <line num="34" count="9" type="stmt"/>
        <line num="38" count="9" type="stmt"/>
        <line num="39" count="9" type="stmt"/>
        <line num="40" count="9" type="stmt"/>
        <line num="42" count="9" type="stmt"/>
        <line num="43" count="9" type="stmt"/>
        <line num="46" count="9" type="stmt"/>
        <line num="47" count="9" type="stmt"/>
        <line num="49" count="9" type="stmt"/>
        <line num="50" count="9" type="stmt"/>
        <line num="52" count="9" type="stmt"/>
        <line num="53" count="36" type="stmt"/>
        <line num="54" count="252" type="stmt"/>
        <line num="55" count="252" type="stmt"/>
        <line num="56" count="252" type="stmt"/>
        <line num="57" count="252" type="stmt"/>
        <line num="61" count="9" type="stmt"/>
        <line num="62" count="9" type="stmt"/>
        <line num="63" count="9" type="stmt"/>
        <line num="64" count="9" type="stmt"/>
        <line num="66" count="9" type="stmt"/>
        <line num="67" count="36" type="stmt"/>
        <line num="68" count="180" type="stmt"/>
        <line num="69" count="180" type="stmt"/>
        <line num="70" count="180" type="stmt"/>
        <line num="71" count="180" type="stmt"/>
        <line num="72" count="180" type="stmt"/>
        <line num="74" count="180" type="stmt"/>
        <line num="75" count="180" type="stmt"/>
        <line num="76" count="180" type="stmt"/>
        <line num="77" count="180" type="stmt"/>
        <line num="78" count="180" type="stmt"/>
        <line num="82" count="9" type="stmt"/>
        <line num="83" count="9" type="stmt"/>
        <line num="84" count="9" type="stmt"/>
        <line num="88" count="441" type="stmt"/>
        <line num="89" count="441" type="cond" truecount="2" falsecount="0"/>
        <line num="90" count="441" type="stmt"/>
        <line num="92" count="441" type="cond" truecount="2" falsecount="0"/>
        <line num="93" count="261" type="stmt"/>
        <line num="94" count="261" type="stmt"/>
        <line num="97" count="441" type="cond" truecount="4" falsecount="0"/>
        <line num="98" count="261" type="stmt"/>
        <line num="99" count="261" type="stmt"/>
        <line num="100" count="261" type="stmt"/>
        <line num="102" count="261" type="stmt"/>
        <line num="103" count="261" type="stmt"/>
        <line num="107" count="441" type="stmt"/>
        <line num="108" count="2" type="stmt"/>
        <line num="109" count="2" type="cond" truecount="1" falsecount="1"/>
        <line num="110" count="2" type="stmt"/>
        <line num="111" count="2" type="stmt"/>
        <line num="112" count="2" type="stmt"/>
        <line num="121" count="441" type="stmt"/>
        <line num="122" count="1" type="stmt"/>
        <line num="123" count="1" type="cond" truecount="1" falsecount="1"/>
        <line num="124" count="1" type="stmt"/>
        <line num="125" count="1" type="stmt"/>
        <line num="126" count="1" type="stmt"/>
        <line num="135" count="441" type="stmt"/>
        <line num="136" count="441" type="stmt"/>
        <line num="137" count="441" type="stmt"/>
        <line num="138" count="441" type="stmt"/>
        <line num="139" count="441" type="stmt"/>
        <line num="140" count="441" type="stmt"/>
        <line num="142" count="441" type="stmt"/>
        <line num="147" count="3" type="stmt"/>
        <line num="148" count="1" type="stmt"/>
        <line num="150" count="3" type="stmt"/>
        <line num="153" count="3" type="stmt"/>
        <line num="154" count="3" type="stmt"/>
        <line num="155" count="3" type="cond" truecount="1" falsecount="1"/>
        <line num="156" count="3" type="stmt"/>
        <line num="157" count="3" type="stmt"/>
        <line num="162" count="3" type="cond" truecount="1" falsecount="1"/>
        <line num="163" count="3" type="stmt"/>
        <line num="164" count="3" type="stmt"/>
        <line num="169" count="1" type="stmt"/>
        <line num="170" count="1" type="stmt"/>
        <line num="171" count="1" type="stmt"/>
        <line num="172" count="1" type="stmt"/>
        <line num="174" count="1" type="stmt"/>
        <line num="178" count="1" type="stmt"/>
        <line num="179" count="1" type="stmt"/>
        <line num="180" count="1" type="stmt"/>
        <line num="181" count="1" type="stmt"/>
        <line num="183" count="1" type="stmt"/>
        <line num="187" count="0" type="stmt"/>
        <line num="188" count="0" type="stmt"/>
        <line num="192" count="3" type="stmt"/>
        <line num="193" count="3" type="cond" truecount="1" falsecount="1"/>
        <line num="194" count="0" type="stmt"/>
        <line num="199" count="0" type="cond" truecount="0" falsecount="2"/>
        <line num="201" count="0" type="stmt"/>
        <line num="202" count="0" type="stmt"/>
        <line num="205" count="0" type="stmt"/>
        <line num="206" count="0" type="stmt"/>
        <line num="207" count="0" type="stmt"/>
        <line num="209" count="0" type="cond" truecount="0" falsecount="4"/>
        <line num="210" count="0" type="stmt"/>
        <line num="211" count="0" type="stmt"/>
        <line num="212" count="0" type="stmt"/>
        <line num="217" count="0" type="stmt"/>
        <line num="221" count="10" type="stmt"/>
        <line num="222" count="10" type="stmt"/>
        <line num="223" count="10" type="stmt"/>
        <line num="224" count="10" type="stmt"/>
        <line num="225" count="10" type="stmt"/>
        <line num="226" count="10" type="stmt"/>
      </file>
    </package>
    <package name="src.modes">
      <metrics statements="274" coveredstatements="269" conditionals="98" coveredconditionals="81" methods="52" coveredmethods="51"/>
      <file name="PlayMode.ts" path="/home/liam/Documents/Projects/piano/src/modes/PlayMode.ts">
        <metrics statements="60" coveredstatements="59" conditionals="18" coveredconditionals="13" methods="14" coveredmethods="14"/>
        <line num="12" count="14" type="stmt"/>
        <line num="13" count="14" type="stmt"/>
        <line num="14" count="14" type="stmt"/>
        <line num="15" count="14" type="stmt"/>
        <line num="23" count="14" type="stmt"/>
        <line num="24" count="14" type="stmt"/>
        <line num="25" count="14" type="stmt"/>
        <line num="26" count="14" type="stmt"/>
        <line num="30" count="13" type="cond" truecount="2" falsecount="0"/>
        <line num="32" count="12" type="cond" truecount="1" falsecount="1"/>
        <line num="33" count="0" type="stmt"/>
        <line num="36" count="12" type="cond" truecount="2" falsecount="0"/>
        <line num="37" count="1" type="stmt"/>
        <line num="38" count="1" type="stmt"/>
        <line num="39" count="1" type="stmt"/>
        <line num="40" count="1" type="stmt"/>
        <line num="44" count="11" type="stmt"/>
        <line num="45" count="11" type="stmt"/>
        <line num="46" count="11" type="stmt"/>
        <line num="48" count="11" type="stmt"/>
        <line num="50" count="11" type="stmt"/>
        <line num="53" count="2" type="stmt"/>
        <line num="54" count="1" type="stmt"/>
        <line num="57" count="11" type="stmt"/>
        <line num="58" count="11" type="stmt"/>
        <line num="59" count="11" type="stmt"/>
        <line num="63" count="4" type="cond" truecount="2" falsecount="0"/>
        <line num="64" count="3" type="stmt"/>
        <line num="65" count="3" type="stmt"/>
        <line num="66" count="3" type="stmt"/>
        <line num="70" count="4" type="stmt"/>
        <line num="71" count="4" type="stmt"/>
        <line num="72" count="4" type="stmt"/>
        <line num="73" count="4" type="stmt"/>
        <line num="74" count="4" type="stmt"/>
        <line num="75" count="4" type="stmt"/>
        <line num="80" count="2" type="stmt"/>
        <line num="82" count="2" type="stmt"/>
        <line num="83" count="13" type="stmt"/>
        <line num="84" count="13" type="stmt"/>
        <line num="87" count="2" type="stmt"/>
        <line num="88" count="2" type="stmt"/>
        <line num="89" count="2" type="stmt"/>
        <line num="93" count="1" type="stmt"/>
        <line num="94" count="1" type="stmt"/>
        <line num="95" count="1" type="stmt"/>
        <line num="113" count="1" type="stmt"/>
        <line num="114" count="1" type="cond" truecount="1" falsecount="1"/>
        <line num="115" count="1" type="stmt"/>
        <line num="120" count="8" type="stmt"/>
        <line num="124" count="3" type="stmt"/>
        <line num="128" count="3" type="cond" truecount="2" falsecount="0"/>
        <line num="129" count="1" type="stmt"/>
        <line num="133" count="1" type="stmt"/>
        <line num="134" count="1" type="cond" truecount="1" falsecount="1"/>
        <line num="136" count="1" type="stmt"/>
        <line num="138" count="9" type="stmt"/>
        <line num="139" count="1" type="cond" truecount="1" falsecount="1"/>
        <line num="141" count="1" type="cond" truecount="1" falsecount="1"/>
        <line num="142" count="1" type="stmt"/>
      </file>
      <file name="PracticeMode.ts" path="/home/liam/Documents/Projects/piano/src/modes/PracticeMode.ts">
        <metrics statements="214" coveredstatements="210" conditionals="80" coveredconditionals="68" methods="38" coveredmethods="37"/>
        <line num="18" count="43" type="stmt"/>
        <line num="19" count="43" type="stmt"/>
        <line num="20" count="43" type="stmt"/>
        <line num="21" count="43" type="stmt"/>
        <line num="22" count="43" type="stmt"/>
        <line num="23" count="43" type="stmt"/>
        <line num="24" count="43" type="stmt"/>
        <line num="25" count="43" type="stmt"/>
        <line num="26" count="43" type="stmt"/>
        <line num="27" count="43" type="stmt"/>
        <line num="28" count="43" type="stmt"/>
        <line num="30" count="43" type="stmt"/>
        <line num="31" count="43" type="stmt"/>
        <line num="34" count="43" type="stmt"/>
        <line num="35" count="43" type="stmt"/>
        <line num="36" count="43" type="stmt"/>
        <line num="37" count="43" type="stmt"/>
        <line num="38" count="43" type="stmt"/>
        <line num="39" count="43" type="stmt"/>
        <line num="40" count="43" type="stmt"/>
        <line num="41" count="43" type="stmt"/>
        <line num="53" count="43" type="stmt"/>
        <line num="54" count="43" type="stmt"/>
        <line num="55" count="43" type="stmt"/>
        <line num="56" count="43" type="stmt"/>
        <line num="57" count="43" type="stmt"/>
        <line num="58" count="43" type="stmt"/>
        <line num="60" count="57" type="stmt"/>
        <line num="64" count="40" type="cond" truecount="1" falsecount="1"/>
        <line num="65" count="0" type="stmt"/>
        <line num="68" count="40" type="stmt"/>
        <line num="69" count="40" type="cond" truecount="2" falsecount="0"/>
        <line num="70" count="1" type="stmt"/>
        <line num="71" count="1" type="stmt"/>
        <line num="74" count="39" type="stmt"/>
        <line num="75" count="39" type="stmt"/>
        <line num="76" count="39" type="stmt"/>
        <line num="77" count="39" type="stmt"/>
        <line num="78" count="39" type="stmt"/>
        <line num="79" count="39" type="stmt"/>
        <line num="80" count="39" type="stmt"/>
        <line num="81" count="39" type="stmt"/>
        <line num="82" count="39" type="stmt"/>
        <line num="83" count="39" type="stmt"/>
        <line num="84" count="39" type="stmt"/>
        <line num="85" count="39" type="stmt"/>
        <line num="87" count="39" type="stmt"/>
        <line num="88" count="39" type="stmt"/>
        <line num="91" count="39" type="stmt"/>
        <line num="92" count="39" type="stmt"/>
        <line num="93" count="39" type="stmt"/>
        <line num="94" count="39" type="stmt"/>
        <line num="96" count="39" type="stmt"/>
        <line num="100" count="4" type="stmt"/>
        <line num="101" count="4" type="stmt"/>
        <line num="102" count="4" type="stmt"/>
        <line num="103" count="4" type="stmt"/>
        <line num="104" count="4" type="stmt"/>
        <line num="105" count="4" type="stmt"/>
        <line num="109" count="57" type="cond" truecount="4" falsecount="0"/>
        <line num="111" count="56" type="stmt"/>
        <line num="112" count="56" type="stmt"/>
        <line num="114" count="56" type="cond" truecount="2" falsecount="0"/>
        <line num="116" count="46" type="stmt"/>
        <line num="117" count="46" type="cond" truecount="1" falsecount="1"/>
        <line num="118" count="46" type="stmt"/>
        <line num="119" count="46" type="stmt"/>
        <line num="125" count="46" type="stmt"/>
        <line num="128" count="60" type="stmt"/>
        <line num="129" count="46" type="cond" truecount="2" falsecount="0"/>
        <line num="130" count="39" type="stmt"/>
        <line num="131" count="39" type="stmt"/>
        <line num="132" count="39" type="cond" truecount="2" falsecount="0"/>
        <line num="133" count="38" type="stmt"/>
        <line num="135" count="39" type="stmt"/>
        <line num="137" count="39" type="stmt"/>
        <line num="138" count="39" type="stmt"/>
        <line num="142" count="10" type="stmt"/>
        <line num="143" count="10" type="stmt"/>
        <line num="144" count="10" type="stmt"/>
        <line num="145" count="10" type="stmt"/>
        <line num="146" count="10" type="stmt"/>
        <line num="147" count="10" type="stmt"/>
        <line num="150" count="10" type="stmt"/>
        <line num="152" count="10" type="stmt"/>
        <line num="160" count="56" type="stmt"/>
        <line num="161" count="0" type="stmt"/>
        <line num="166" count="41" type="stmt"/>
        <line num="167" count="41" type="stmt"/>
        <line num="169" count="41" type="cond" truecount="2" falsecount="0"/>
        <line num="170" count="9" type="cond" truecount="4" falsecount="0"/>
        <line num="172" count="2" type="stmt"/>
        <line num="173" count="2" type="stmt"/>
        <line num="174" count="2" type="stmt"/>
        <line num="175" count="2" type="stmt"/>
        <line num="176" count="2" type="stmt"/>
        <line num="177" count="2" type="stmt"/>
        <line num="178" count="2" type="stmt"/>
        <line num="181" count="7" type="stmt"/>
        <line num="182" count="7" type="stmt"/>
        <line num="183" count="7" type="stmt"/>
        <line num="184" count="7" type="stmt"/>
        <line num="185" count="7" type="stmt"/>
        <line num="186" count="7" type="stmt"/>
        <line num="189" count="32" type="stmt"/>
        <line num="192" count="32" type="cond" truecount="4" falsecount="0"/>
        <line num="193" count="1" type="stmt"/>
        <line num="196" count="32" type="stmt"/>
        <line num="197" count="32" type="stmt"/>
        <line num="198" count="32" type="stmt"/>
        <line num="199" count="32" type="stmt"/>
        <line num="200" count="32" type="stmt"/>
        <line num="202" count="32" type="stmt"/>
        <line num="208" count="75" type="stmt"/>
        <line num="209" count="75" type="cond" truecount="1" falsecount="1"/>
        <line num="211" count="75" type="stmt"/>
        <line num="213" count="75" type="stmt"/>
        <line num="214" count="65" type="stmt"/>
        <line num="219" count="75" type="stmt"/>
        <line num="220" count="75" type="cond" truecount="1" falsecount="1"/>
        <line num="221" count="0" type="stmt"/>
        <line num="222" count="0" type="stmt"/>
        <line num="225" count="84" type="stmt"/>
        <line num="229" count="75" type="stmt"/>
        <line num="231" count="75" type="stmt"/>
        <line num="235" count="51" type="stmt"/>
        <line num="236" count="51" type="cond" truecount="1" falsecount="1"/>
        <line num="237" count="51" type="stmt"/>
        <line num="238" count="51" type="cond" truecount="2" falsecount="0"/>
        <line num="239" count="31" type="stmt"/>
        <line num="241" count="51" type="stmt"/>
        <line num="242" count="51" type="cond" truecount="2" falsecount="0"/>
        <line num="243" count="12" type="stmt"/>
        <line num="247" count="10" type="cond" truecount="1" falsecount="1"/>
        <line num="248" count="10" type="stmt"/>
        <line num="249" count="10" type="stmt"/>
        <line num="250" count="10" type="cond" truecount="3" falsecount="1"/>
        <line num="251" count="10" type="stmt"/>
        <line num="252" count="10" type="stmt"/>
        <line num="258" count="1" type="stmt"/>
        <line num="259" count="1" type="cond" truecount="1" falsecount="1"/>
        <line num="261" count="1" type="stmt"/>
        <line num="262" count="1" type="cond" truecount="1" falsecount="1"/>
        <line num="264" count="1" type="cond" truecount="1" falsecount="1"/>
        <line num="265" count="2" type="stmt"/>
        <line num="267" count="1" type="stmt"/>
        <line num="268" count="1" type="stmt"/>
        <line num="273" count="42" type="stmt"/>
        <line num="276" count="42" type="cond" truecount="5" falsecount="0"/>
        <line num="277" count="5" type="stmt"/>
        <line num="278" count="32" type="cond" truecount="2" falsecount="0"/>
        <line num="282" count="42" type="stmt"/>
        <line num="286" count="3" type="stmt"/>
        <line num="287" count="3" type="cond" truecount="2" falsecount="0"/>
        <line num="288" count="1" type="stmt"/>
        <line num="289" count="1" type="stmt"/>
        <line num="291" count="1" type="stmt"/>
        <line num="292" count="1" type="stmt"/>
        <line num="293" count="1" type="stmt"/>
        <line num="294" count="1" type="stmt"/>
        <line num="295" count="1" type="stmt"/>
        <line num="300" count="2" type="stmt"/>
        <line num="304" count="1" type="stmt"/>
        <line num="308" count="30" type="stmt"/>
        <line num="319" count="6" type="stmt"/>
        <line num="324" count="10" type="stmt"/>
        <line num="328" count="16" type="stmt"/>
        <line num="332" count="5" type="stmt"/>
        <line num="336" count="2" type="stmt"/>
        <line num="337" count="2" type="cond" truecount="2" falsecount="0"/>
        <line num="341" count="2" type="cond" truecount="1" falsecount="1"/>
        <line num="342" count="2" type="stmt"/>
        <line num="348" count="119" type="stmt"/>
        <line num="349" count="119" type="cond" truecount="4" falsecount="0"/>
        <line num="351" count="5" type="stmt"/>
        <line num="352" count="2" type="cond" truecount="1" falsecount="1"/>
        <line num="354" count="2" type="stmt"/>
        <line num="355" count="2" type="stmt"/>
        <line num="358" count="2" type="stmt"/>
        <line num="359" count="2" type="stmt"/>
        <line num="360" count="2" type="stmt"/>
        <line num="362" count="2" type="stmt"/>
        <line num="363" count="2" type="stmt"/>
        <line num="368" count="130" type="cond" truecount="2" falsecount="0"/>
        <line num="369" count="3" type="stmt"/>
        <line num="370" count="3" type="stmt"/>
        <line num="375" count="4" type="stmt"/>
        <line num="376" count="4" type="cond" truecount="2" falsecount="0"/>
        <line num="377" count="2" type="stmt"/>
        <line num="382" count="1" type="stmt"/>
        <line num="388" count="8" type="stmt"/>
        <line num="389" count="8" type="stmt"/>
        <line num="390" count="8" type="stmt"/>
        <line num="391" count="8" type="cond" truecount="2" falsecount="0"/>
        <line num="392" count="1" type="stmt"/>
        <line num="393" count="1" type="stmt"/>
        <line num="395" count="1" type="stmt"/>
        <line num="396" count="1" type="stmt"/>
        <line num="397" count="1" type="stmt"/>
        <line num="398" count="1" type="stmt"/>
        <line num="399" count="1" type="stmt"/>
        <line num="400" count="1" type="stmt"/>
        <line num="401" count="1" type="stmt"/>
        <line num="402" count="1" type="stmt"/>
        <line num="403" count="1" type="stmt"/>
        <line num="408" count="4" type="stmt"/>
        <line num="409" count="4" type="stmt"/>
        <line num="410" count="4" type="stmt"/>
        <line num="411" count="4" type="cond" truecount="2" falsecount="0"/>
        <line num="412" count="1" type="stmt"/>
        <line num="413" count="1" type="stmt"/>
        <line num="418" count="5" type="stmt"/>
        <line num="422" count="3" type="cond" truecount="5" falsecount="0"/>
        <line num="423" count="1" type="stmt"/>
      </file>
    </package>
    <package name="src.score">
      <metrics statements="87" coveredstatements="80" conditionals="47" coveredconditionals="35" methods="13" coveredmethods="13"/>
      <file name="ScoreAnalyzer.ts" path="/home/liam/Documents/Projects/piano/src/score/ScoreAnalyzer.ts">
        <metrics statements="87" coveredstatements="80" conditionals="47" coveredconditionals="35" methods="13" coveredmethods="13"/>
        <line num="6" count="19" type="stmt"/>
        <line num="7" count="19" type="stmt"/>
        <line num="8" count="19" type="stmt"/>
        <line num="11" count="19" type="stmt"/>
        <line num="12" count="19" type="stmt"/>
        <line num="13" count="19" type="stmt"/>
        <line num="15" count="19" type="stmt"/>
        <line num="16" count="19" type="cond" truecount="1" falsecount="1"/>
        <line num="18" count="19" type="stmt"/>
        <line num="19" count="19" type="stmt"/>
        <line num="22" count="19" type="stmt"/>
        <line num="23" count="19" type="stmt"/>
        <line num="25" count="19" type="stmt"/>
        <line num="26" count="34" type="stmt"/>
        <line num="27" count="34" type="stmt"/>
        <line num="28" count="34" type="stmt"/>
        <line num="29" count="34" type="stmt"/>
        <line num="33" count="34" type="cond" truecount="1" falsecount="1"/>
        <line num="34" count="0" type="stmt"/>
        <line num="36" count="34" type="stmt"/>
        <line num="38" count="34" type="stmt"/>
        <line num="39" count="34" type="stmt"/>
        <line num="42" count="34" type="stmt"/>
        <line num="43" count="34" type="cond" truecount="1" falsecount="1"/>
        <line num="44" count="34" type="stmt"/>
        <line num="45" count="36" type="stmt"/>
        <line num="46" count="36" type="cond" truecount="2" falsecount="0"/>
        <line num="48" count="35" type="stmt"/>
        <line num="50" count="35" type="stmt"/>
        <line num="52" count="35" type="stmt"/>
        <line num="53" count="35" type="cond" truecount="1" falsecount="1"/>
        <line num="54" count="36" type="cond" truecount="2" falsecount="0"/>
        <line num="56" count="36" type="stmt"/>
        <line num="57" count="36" type="stmt"/>
        <line num="59" count="36" type="stmt"/>
        <line num="72" count="36" type="cond" truecount="2" falsecount="0"/>
        <line num="73" count="34" type="stmt"/>
        <line num="79" count="34" type="cond" truecount="2" falsecount="0"/>
        <line num="80" count="32" type="stmt"/>
        <line num="87" count="32" type="stmt"/>
        <line num="90" count="34" type="stmt"/>
        <line num="94" count="19" type="stmt"/>
        <line num="95" count="19" type="stmt"/>
        <line num="100" count="19" type="stmt"/>
        <line num="101" count="19" type="cond" truecount="1" falsecount="1"/>
        <line num="104" count="19" type="cond" truecount="2" falsecount="0"/>
        <line num="105" count="18" type="stmt"/>
        <line num="106" count="18" type="cond" truecount="1" falsecount="1"/>
        <line num="107" count="18" type="stmt"/>
        <line num="108" count="18" type="stmt"/>
        <line num="114" count="19" type="stmt"/>
        <line num="115" count="19" type="stmt"/>
        <line num="116" count="20" type="cond" truecount="2" falsecount="0"/>
        <line num="117" count="19" type="stmt"/>
        <line num="122" count="20" type="stmt"/>
        <line num="125" count="19" type="cond" truecount="2" falsecount="0"/>
        <line num="126" count="1" type="stmt"/>
        <line num="133" count="69" type="stmt"/>
        <line num="134" count="69" type="stmt"/>
        <line num="135" count="69" type="cond" truecount="1" falsecount="1"/>
        <line num="136" count="69" type="stmt"/>
        <line num="138" count="69" type="stmt"/>
        <line num="139" count="4" type="stmt"/>
        <line num="140" count="4" type="cond" truecount="1" falsecount="1"/>
        <line num="142" count="0" type="stmt"/>
        <line num="143" count="0" type="cond" truecount="0" falsecount="2"/>
        <line num="144" count="0" type="stmt"/>
        <line num="145" count="0" type="stmt"/>
        <line num="147" count="0" type="stmt"/>
        <line num="148" count="0" type="stmt"/>
        <line num="151" count="69" type="stmt"/>
        <line num="152" count="69" type="stmt"/>
        <line num="156" count="5" type="stmt"/>
        <line num="160" count="3" type="stmt"/>
        <line num="164" count="3" type="stmt"/>
        <line num="168" count="4" type="cond" truecount="2" falsecount="0"/>
        <line num="169" count="2" type="stmt"/>
        <line num="170" count="2" type="cond" truecount="1" falsecount="1"/>
        <line num="171" count="2" type="stmt"/>
        <line num="172" count="2" type="stmt"/>
        <line num="176" count="2" type="cond" truecount="2" falsecount="0"/>
        <line num="180" count="5" type="cond" truecount="2" falsecount="0"/>
        <line num="182" count="4" type="cond" truecount="2" falsecount="0"/>
        <line num="183" count="5" type="stmt"/>
        <line num="184" count="14" type="stmt"/>
        <line num="187" count="14" type="stmt"/>
        <line num="189" count="14" type="stmt"/>
      </file>
    </package>
  </project>
</coverage>
