{"/home/liam/Documents/Projects/piano/src/events.ts": {"path":"/home/liam/Documents/Projects/piano/src/events.ts","statementMap":{"0":{"start":{"line":6,"column":22},"end":{"line":6,"column":59}},"1":{"start":{"line":9,"column":4},"end":{"line":10,"column":null}},"2":{"start":{"line":10,"column":6},"end":{"line":10,"column":null}},"3":{"start":{"line":12,"column":4},"end":{"line":12,"column":null}},"4":{"start":{"line":16,"column":4},"end":{"line":16,"column":null}},"5":{"start":{"line":20,"column":4},"end":{"line":26,"column":null}},"6":{"start":{"line":21,"column":6},"end":{"line":24,"column":null}},"7":{"start":{"line":22,"column":8},"end":{"line":22,"column":null}},"8":{"start":{"line":24,"column":8},"end":{"line":24,"column":null}},"9":{"start":{"line":30,"column":4},"end":{"line":33,"column":null}},"10":{"start":{"line":31,"column":6},"end":{"line":31,"column":null}},"11":{"start":{"line":33,"column":6},"end":{"line":33,"column":null}},"12":{"start":{"line":38,"column":4},"end":{"line":38,"column":null}}},"fnMap":{"0":{"name":"(anonymous_0)","decl":{"start":{"line":8,"column":2},"end":{"line":8,"column":29}},"loc":{"start":{"line":8,"column":81},"end":{"line":12,"column":null}},"line":8},"1":{"name":"(anonymous_1)","decl":{"start":{"line":15,"column":2},"end":{"line":15,"column":30}},"loc":{"start":{"line":15,"column":82},"end":{"line":16,"column":null}},"line":15},"2":{"name":"(anonymous_2)","decl":{"start":{"line":19,"column":2},"end":{"line":19,"column":31}},"loc":{"start":{"line":19,"column":69},"end":{"line":26,"column":null}},"line":19},"3":{"name":"(anonymous_3)","decl":{"start":{"line":20,"column":31},"end":{"line":20,"column":39}},"loc":{"start":{"line":20,"column":45},"end":{"line":26,"column":null}},"line":20},"4":{"name":"(anonymous_4)","decl":{"start":{"line":29,"column":2},"end":{"line":29,"column":21}},"loc":{"start":{"line":29,"column":49},"end":{"line":33,"column":null}},"line":29},"5":{"name":"(anonymous_5)","decl":{"start":{"line":37,"column":2},"end":{"line":37,"column":16}},"loc":{"start":{"line":37,"column":45},"end":{"line":38,"column":null}},"line":37}},"branchMap":{"0":{"loc":{"start":{"line":9,"column":4},"end":{"line":10,"column":null}},"type":"if","locations":[{"start":{"line":9,"column":4},"end":{"line":10,"column":null}},{"start":{},"end":{}}],"line":9},"1":{"loc":{"start":{"line":30,"column":4},"end":{"line":33,"column":null}},"type":"if","locations":[{"start":{"line":30,"column":4},"end":{"line":33,"column":null}},{"start":{"line":32,"column":11},"end":{"line":33,"column":null}}],"line":30},"2":{"loc":{"start":{"line":38,"column":11},"end":{"line":38,"column":null}},"type":"binary-expr","locations":[{"start":{"line":38,"column":11},"end":{"line":38,"column":46}},{"start":{"line":38,"column":46},"end":{"line":38,"column":null}}],"line":38}},"s":{"0":67,"1":25,"2":20,"3":25,"4":4,"5":130,"6":18,"7":18,"8":1,"9":3,"10":2,"11":1,"12":4},"f":{"0":25,"1":4,"2":130,"3":18,"4":3,"5":4},"b":{"0":[20,5],"1":[2,1],"2":[4,1]},"meta":{"lastBranch":3,"lastFunction":6,"lastStatement":13,"seen":{"s:6:22:6:59":0,"f:8:2:8:29":0,"b:9:4:10:Infinity:undefined:undefined:undefined:undefined":0,"s:9:4:10:Infinity":1,"s:10:6:10:Infinity":2,"s:12:4:12:Infinity":3,"f:15:2:15:30":1,"s:16:4:16:Infinity":4,"f:19:2:19:31":2,"s:20:4:26:Infinity":5,"f:20:31:20:39":3,"s:21:6:24:Infinity":6,"s:22:8:22:Infinity":7,"s:24:8:24:Infinity":8,"f:29:2:29:21":4,"b:30:4:33:Infinity:32:11:33:Infinity":1,"s:30:4:33:Infinity":9,"s:31:6:31:Infinity":10,"s:33:6:33:Infinity":11,"f:37:2:37:16":5,"s:38:4:38:Infinity":12,"b:38:11:38:46:38:46:38:Infinity":2}}}
,"/home/liam/Documents/Projects/piano/src/progress.ts": {"path":"/home/liam/Documents/Projects/piano/src/progress.ts","statementMap":{"0":{"start":{"line":14,"column":20},"end":{"line":14,"column":null}},"1":{"start":{"line":17,"column":2},"end":{"line":21,"column":null}},"2":{"start":{"line":18,"column":16},"end":{"line":18,"column":49}},"3":{"start":{"line":19,"column":4},"end":{"line":19,"column":null}},"4":{"start":{"line":21,"column":4},"end":{"line":21,"column":null}},"5":{"start":{"line":26,"column":18},"end":{"line":26,"column":30}},"6":{"start":{"line":27,"column":2},"end":{"line":27,"column":null}},"7":{"start":{"line":29,"column":18},"end":{"line":29,"column":37}},"8":{"start":{"line":30,"column":2},"end":{"line":34,"column":null}},"9":{"start":{"line":31,"column":4},"end":{"line":31,"column":null}},"10":{"start":{"line":34,"column":4},"end":{"line":34,"column":null}},"11":{"start":{"line":39,"column":2},"end":{"line":39,"column":null}},"12":{"start":{"line":39,"column":34},"end":{"line":39,"column":54}},"13":{"start":{"line":43,"column":19},"end":{"line":43,"column":45}},"14":{"start":{"line":44,"column":2},"end":{"line":44,"column":null}},"15":{"start":{"line":44,"column":29},"end":{"line":44,"column":null}},"16":{"start":{"line":45,"column":2},"end":{"line":45,"column":null}},"17":{"start":{"line":45,"column":39},"end":{"line":45,"column":50}},"18":{"start":{"line":49,"column":2},"end":{"line":49,"column":null}},"19":{"start":{"line":53,"column":2},"end":{"line":53,"column":null}},"20":{"start":{"line":53,"column":41},"end":{"line":53,"column":65}},"21":{"start":{"line":57,"column":2},"end":{"line":57,"column":null}},"22":{"start":{"line":57,"column":41},"end":{"line":57,"column":78}},"23":{"start":{"line":61,"column":2},"end":{"line":65,"column":null}},"24":{"start":{"line":62,"column":4},"end":{"line":62,"column":null}},"25":{"start":{"line":65,"column":4},"end":{"line":65,"column":null}}},"fnMap":{"0":{"name":"getHistory","decl":{"start":{"line":16,"column":16},"end":{"line":16,"column":48}},"loc":{"start":{"line":16,"column":48},"end":{"line":21,"column":null}},"line":16},"1":{"name":"addSession","decl":{"start":{"line":25,"column":16},"end":{"line":25,"column":27}},"loc":{"start":{"line":25,"column":59},"end":{"line":34,"column":null}},"line":25},"2":{"name":"getSessionsForSong","decl":{"start":{"line":38,"column":16},"end":{"line":38,"column":35}},"loc":{"start":{"line":38,"column":70},"end":{"line":39,"column":null}},"line":38},"3":{"name":"(anonymous_3)","decl":{"start":{"line":39,"column":22},"end":{"line":39,"column":29}},"loc":{"start":{"line":39,"column":34},"end":{"line":39,"column":54}},"line":39},"4":{"name":"getBestAccuracyForSong","decl":{"start":{"line":42,"column":16},"end":{"line":42,"column":39}},"loc":{"start":{"line":42,"column":70},"end":{"line":45,"column":null}},"line":42},"5":{"name":"(anonymous_5)","decl":{"start":{"line":45,"column":30},"end":{"line":45,"column":34}},"loc":{"start":{"line":45,"column":39},"end":{"line":45,"column":50}},"line":45},"6":{"name":"getRecentSessions","decl":{"start":{"line":48,"column":16},"end":{"line":48,"column":34}},"loc":{"start":{"line":48,"column":73},"end":{"line":49,"column":null}},"line":48},"7":{"name":"getTotalPracticeTime","decl":{"start":{"line":52,"column":16},"end":{"line":52,"column":47}},"loc":{"start":{"line":52,"column":47},"end":{"line":53,"column":null}},"line":52},"8":{"name":"(anonymous_8)","decl":{"start":{"line":53,"column":22},"end":{"line":53,"column":30}},"loc":{"start":{"line":53,"column":41},"end":{"line":53,"column":65}},"line":53},"9":{"name":"getTotalNotesPlayed","decl":{"start":{"line":56,"column":16},"end":{"line":56,"column":46}},"loc":{"start":{"line":56,"column":46},"end":{"line":57,"column":null}},"line":56},"10":{"name":"(anonymous_10)","decl":{"start":{"line":57,"column":22},"end":{"line":57,"column":30}},"loc":{"start":{"line":57,"column":41},"end":{"line":57,"column":78}},"line":57},"11":{"name":"clearHistory","decl":{"start":{"line":60,"column":16},"end":{"line":60,"column":37}},"loc":{"start":{"line":60,"column":37},"end":{"line":65,"column":null}},"line":60}},"branchMap":{"0":{"loc":{"start":{"line":19,"column":11},"end":{"line":19,"column":37}},"type":"cond-expr","locations":[{"start":{"line":19,"column":17},"end":{"line":19,"column":32}},{"start":{"line":19,"column":35},"end":{"line":19,"column":37}}],"line":19},"1":{"loc":{"start":{"line":44,"column":2},"end":{"line":44,"column":null}},"type":"if","locations":[{"start":{"line":44,"column":2},"end":{"line":44,"column":null}},{"start":{},"end":{}}],"line":44},"2":{"loc":{"start":{"line":48,"column":34},"end":{"line":48,"column":73}},"type":"default-arg","locations":[{"start":{"line":48,"column":50},"end":{"line":48,"column":73}}],"line":48}},"s":{"0":1,"1":33,"2":33,"3":33,"4":1,"5":20,"6":20,"7":20,"8":20,"9":20,"10":0,"11":5,"12":12,"13":2,"14":2,"15":1,"16":1,"17":3,"18":1,"19":1,"20":3,"21":1,"22":2,"23":1,"24":1,"25":0},"f":{"0":33,"1":20,"2":5,"3":12,"4":2,"5":3,"6":1,"7":1,"8":3,"9":1,"10":2,"11":1},"b":{"0":[22,11],"1":[1,1],"2":[1]},"meta":{"lastBranch":3,"lastFunction":12,"lastStatement":26,"seen":{"s:14:20:14:Infinity":0,"f:16:16:16:48":0,"s:17:2:21:Infinity":1,"s:18:16:18:49":2,"s:19:4:19:Infinity":3,"b:19:17:19:32:19:35:19:37":0,"s:21:4:21:Infinity":4,"f:25:16:25:27":1,"s:26:18:26:30":5,"s:27:2:27:Infinity":6,"s:29:18:29:37":7,"s:30:2:34:Infinity":8,"s:31:4:31:Infinity":9,"s:34:4:34:Infinity":10,"f:38:16:38:35":2,"s:39:2:39:Infinity":11,"f:39:22:39:29":3,"s:39:34:39:54":12,"f:42:16:42:39":4,"s:43:19:43:45":13,"b:44:2:44:Infinity:undefined:undefined:undefined:undefined":1,"s:44:2:44:Infinity":14,"s:44:29:44:Infinity":15,"s:45:2:45:Infinity":16,"f:45:30:45:34":5,"s:45:39:45:50":17,"f:48:16:48:34":6,"b:48:50:48:73":2,"s:49:2:49:Infinity":18,"f:52:16:52:47":7,"s:53:2:53:Infinity":19,"f:53:22:53:30":8,"s:53:41:53:65":20,"f:56:16:56:46":9,"s:57:2:57:Infinity":21,"f:57:22:57:30":10,"s:57:41:57:78":22,"f:60:16:60:37":11,"s:61:2:65:Infinity":23,"s:62:4:62:Infinity":24,"s:65:4:65:Infinity":25}}}
,"/home/liam/Documents/Projects/piano/src/types.ts": {"path":"/home/liam/Documents/Projects/piano/src/types.ts","statementMap":{"0":{"start":{"line":72,"column":43},"end":{"line":91,"column":null}},"1":{"start":{"line":94,"column":19},"end":{"line":94,"column":null}},"2":{"start":{"line":95,"column":19},"end":{"line":95,"column":null}},"3":{"start":{"line":98,"column":17},"end":{"line":98,"column":null}},"4":{"start":{"line":99,"column":20},"end":{"line":99,"column":null}},"5":{"start":{"line":100,"column":16},"end":{"line":100,"column":null}},"6":{"start":{"line":101,"column":2},"end":{"line":101,"column":null}},"7":{"start":{"line":105,"column":16},"end":{"line":105,"column":64}},"8":{"start":{"line":106,"column":2},"end":{"line":106,"column":null}},"9":{"start":{"line":106,"column":14},"end":{"line":106,"column":null}},"10":{"start":{"line":107,"column":44},"end":{"line":107,"column":null}},"11":{"start":{"line":108,"column":19},"end":{"line":108,"column":58}},"12":{"start":{"line":109,"column":20},"end":{"line":109,"column":null}},"13":{"start":{"line":110,"column":17},"end":{"line":110,"column":null}},"14":{"start":{"line":111,"column":2},"end":{"line":112,"column":null}},"15":{"start":{"line":112,"column":4},"end":{"line":112,"column":null}},"16":{"start":{"line":114,"column":17},"end":{"line":114,"column":36}},"17":{"start":{"line":115,"column":2},"end":{"line":115,"column":null}},"18":{"start":{"line":119,"column":2},"end":{"line":119,"column":null}},"19":{"start":{"line":123,"column":2},"end":{"line":123,"column":null}},"20":{"start":{"line":127,"column":2},"end":{"line":127,"column":null}},"21":{"start":{"line":131,"column":2},"end":{"line":131,"column":null}},"22":{"start":{"line":139,"column":24},"end":{"line":139,"column":null}},"23":{"start":{"line":142,"column":30},"end":{"line":142,"column":null}},"24":{"start":{"line":144,"column":20},"end":{"line":144,"column":50}},"25":{"start":{"line":145,"column":19},"end":{"line":145,"column":null}},"26":{"start":{"line":146,"column":21},"end":{"line":146,"column":42}},"27":{"start":{"line":147,"column":20},"end":{"line":147,"column":null}},"28":{"start":{"line":149,"column":2},"end":{"line":149,"column":null}},"29":{"start":{"line":154,"column":2},"end":{"line":158,"column":null}},"30":{"start":{"line":157,"column":27},"end":{"line":157,"column":42}}},"fnMap":{"0":{"name":"midiToNoteName","decl":{"start":{"line":97,"column":16},"end":{"line":97,"column":31}},"loc":{"start":{"line":97,"column":71},"end":{"line":101,"column":null}},"line":97},"1":{"name":"noteNameToMidi","decl":{"start":{"line":104,"column":16},"end":{"line":104,"column":31}},"loc":{"start":{"line":104,"column":53},"end":{"line":115,"column":null}},"line":104},"2":{"name":"midiToFrequency","decl":{"start":{"line":118,"column":16},"end":{"line":118,"column":32}},"loc":{"start":{"line":118,"column":54},"end":{"line":119,"column":null}},"line":118},"3":{"name":"midiToPitchClass","decl":{"start":{"line":122,"column":16},"end":{"line":122,"column":33}},"loc":{"start":{"line":122,"column":55},"end":{"line":123,"column":null}},"line":122},"4":{"name":"isSameNote","decl":{"start":{"line":126,"column":16},"end":{"line":126,"column":27}},"loc":{"start":{"line":126,"column":58},"end":{"line":127,"column":null}},"line":126},"5":{"name":"isSamePitchClass","decl":{"start":{"line":130,"column":16},"end":{"line":130,"column":33}},"loc":{"start":{"line":130,"column":64},"end":{"line":131,"column":null}},"line":130},"6":{"name":"midiToStaffPosition","decl":{"start":{"line":136,"column":16},"end":{"line":136,"column":36}},"loc":{"start":{"line":136,"column":72},"end":{"line":149,"column":null}},"line":136},"7":{"name":"filenameToTitle","decl":{"start":{"line":153,"column":16},"end":{"line":153,"column":32}},"loc":{"start":{"line":153,"column":58},"end":{"line":158,"column":null}},"line":153},"8":{"name":"(anonymous_8)","decl":{"start":{"line":157,"column":13},"end":{"line":157,"column":22}},"loc":{"start":{"line":157,"column":27},"end":{"line":157,"column":42}},"line":157}},"branchMap":{"0":{"loc":{"start":{"line":97,"column":45},"end":{"line":97,"column":71}},"type":"default-arg","locations":[{"start":{"line":97,"column":56},"end":{"line":97,"column":71}}],"line":97},"1":{"loc":{"start":{"line":100,"column":16},"end":{"line":100,"column":null}},"type":"cond-expr","locations":[{"start":{"line":100,"column":27},"end":{"line":100,"column":40}},{"start":{"line":100,"column":40},"end":{"line":100,"column":null}}],"line":100},"2":{"loc":{"start":{"line":106,"column":2},"end":{"line":106,"column":null}},"type":"if","locations":[{"start":{"line":106,"column":2},"end":{"line":106,"column":null}},{"start":{},"end":{}}],"line":106},"3":{"loc":{"start":{"line":112,"column":16},"end":{"line":112,"column":null}},"type":"cond-expr","locations":[{"start":{"line":112,"column":29},"end":{"line":112,"column":33}},{"start":{"line":112,"column":33},"end":{"line":112,"column":null}}],"line":112},"4":{"loc":{"start":{"line":139,"column":24},"end":{"line":139,"column":null}},"type":"cond-expr","locations":[{"start":{"line":139,"column":38},"end":{"line":139,"column":43}},{"start":{"line":139,"column":43},"end":{"line":139,"column":null}}],"line":139}},"s":{"0":7,"1":7,"2":7,"3":509,"4":509,"5":509,"6":509,"7":191,"8":191,"9":3,"10":188,"11":188,"12":188,"13":188,"14":188,"15":81,"16":188,"17":188,"18":7,"19":5,"20":2,"21":3,"22":7,"23":7,"24":7,"25":7,"26":7,"27":7,"28":7,"29":5,"30":11},"f":{"0":509,"1":191,"2":7,"3":5,"4":2,"5":3,"6":7,"7":5,"8":11},"b":{"0":[509],"1":[3,506],"2":[3,188],"3":[76,5],"4":[6,1]},"meta":{"lastBranch":5,"lastFunction":9,"lastStatement":31,"seen":{"s:72:43:91:Infinity":0,"s:94:19:94:Infinity":1,"s:95:19:95:Infinity":2,"f:97:16:97:31":0,"b:97:56:97:71":0,"s:98:17:98:Infinity":3,"s:99:20:99:Infinity":4,"s:100:16:100:Infinity":5,"b:100:27:100:40:100:40:100:Infinity":1,"s:101:2:101:Infinity":6,"f:104:16:104:31":1,"s:105:16:105:64":7,"b:106:2:106:Infinity:undefined:undefined:undefined:undefined":2,"s:106:2:106:Infinity":8,"s:106:14:106:Infinity":9,"s:107:44:107:Infinity":10,"s:108:19:108:58":11,"s:109:20:109:Infinity":12,"s:110:17:110:Infinity":13,"s:111:2:112:Infinity":14,"s:112:4:112:Infinity":15,"b:112:29:112:33:112:33:112:Infinity":3,"s:114:17:114:36":16,"s:115:2:115:Infinity":17,"f:118:16:118:32":2,"s:119:2:119:Infinity":18,"f:122:16:122:33":3,"s:123:2:123:Infinity":19,"f:126:16:126:27":4,"s:127:2:127:Infinity":20,"f:130:16:130:33":5,"s:131:2:131:Infinity":21,"f:136:16:136:36":6,"s:139:24:139:Infinity":22,"b:139:38:139:43:139:43:139:Infinity":4,"s:142:30:142:Infinity":23,"s:144:20:144:50":24,"s:145:19:145:Infinity":25,"s:146:21:146:42":26,"s:147:20:147:Infinity":27,"s:149:2:149:Infinity":28,"f:153:16:153:32":7,"s:154:2:158:Infinity":29,"f:157:13:157:22":8,"s:157:27:157:42":30}}}
,"/home/liam/Documents/Projects/piano/src/input/InputManager.ts": {"path":"/home/liam/Documents/Projects/piano/src/input/InputManager.ts","statementMap":{"0":{"start":{"line":6,"column":22},"end":{"line":6,"column":46}},"1":{"start":{"line":7,"column":24},"end":{"line":7,"column":41}},"2":{"start":{"line":10,"column":4},"end":{"line":10,"column":null}},"3":{"start":{"line":14,"column":4},"end":{"line":14,"column":null}},"4":{"start":{"line":18,"column":4},"end":{"line":21,"column":null}},"5":{"start":{"line":19,"column":6},"end":{"line":19,"column":null}},"6":{"start":{"line":21,"column":6},"end":{"line":21,"column":null}},"7":{"start":{"line":23,"column":4},"end":{"line":27,"column":null}},"8":{"start":{"line":24,"column":6},"end":{"line":27,"column":null}},"9":{"start":{"line":25,"column":8},"end":{"line":25,"column":null}},"10":{"start":{"line":27,"column":8},"end":{"line":27,"column":null}},"11":{"start":{"line":33,"column":4},"end":{"line":33,"column":null}},"12":{"start":{"line":37,"column":4},"end":{"line":37,"column":null}},"13":{"start":{"line":42,"column":4},"end":{"line":47,"column":null}},"14":{"start":{"line":51,"column":4},"end":{"line":56,"column":null}},"15":{"start":{"line":61,"column":4},"end":{"line":67,"column":null}},"16":{"start":{"line":62,"column":6},"end":{"line":67,"column":null}},"17":{"start":{"line":69,"column":4},"end":{"line":69,"column":null}},"18":{"start":{"line":73,"column":4},"end":{"line":73,"column":null}},"19":{"start":{"line":74,"column":4},"end":{"line":74,"column":null}}},"fnMap":{"0":{"name":"(anonymous_0)","decl":{"start":{"line":9,"column":2},"end":{"line":9,"column":14}},"loc":{"start":{"line":9,"column":45},"end":{"line":10,"column":null}},"line":9},"1":{"name":"(anonymous_1)","decl":{"start":{"line":13,"column":2},"end":{"line":13,"column":17}},"loc":{"start":{"line":13,"column":48},"end":{"line":14,"column":null}},"line":13},"2":{"name":"(anonymous_2)","decl":{"start":{"line":17,"column":2},"end":{"line":17,"column":7}},"loc":{"start":{"line":17,"column":32},"end":{"line":27,"column":null}},"line":17},"3":{"name":"(anonymous_3)","decl":{"start":{"line":32,"column":2},"end":{"line":32,"column":32}},"loc":{"start":{"line":32,"column":32},"end":{"line":33,"column":null}},"line":32},"4":{"name":"(anonymous_4)","decl":{"start":{"line":36,"column":2},"end":{"line":36,"column":15}},"loc":{"start":{"line":36,"column":44},"end":{"line":37,"column":null}},"line":36},"5":{"name":"(anonymous_5)","decl":{"start":{"line":41,"column":2},"end":{"line":41,"column":17}},"loc":{"start":{"line":41,"column":67},"end":{"line":47,"column":null}},"line":41},"6":{"name":"(anonymous_6)","decl":{"start":{"line":50,"column":2},"end":{"line":50,"column":18}},"loc":{"start":{"line":50,"column":44},"end":{"line":56,"column":null}},"line":50},"7":{"name":"(anonymous_7)","decl":{"start":{"line":59,"column":2},"end":{"line":59,"column":19}},"loc":{"start":{"line":59,"column":19},"end":{"line":69,"column":null}},"line":59},"8":{"name":"(anonymous_8)","decl":{"start":{"line":72,"column":2},"end":{"line":72,"column":18}},"loc":{"start":{"line":72,"column":18},"end":{"line":74,"column":null}},"line":72}},"branchMap":{"0":{"loc":{"start":{"line":18,"column":4},"end":{"line":21,"column":null}},"type":"if","locations":[{"start":{"line":18,"column":4},"end":{"line":21,"column":null}},{"start":{"line":20,"column":11},"end":{"line":21,"column":null}}],"line":18},"1":{"loc":{"start":{"line":41,"column":37},"end":{"line":41,"column":67}},"type":"default-arg","locations":[{"start":{"line":41,"column":56},"end":{"line":41,"column":67}}],"line":41}},"s":{"0":75,"1":75,"2":60,"3":12,"4":120,"5":93,"6":27,"7":120,"8":85,"9":85,"10":1,"11":6,"12":10,"13":80,"14":13,"15":23,"16":11,"17":23,"18":22,"19":22},"f":{"0":60,"1":12,"2":120,"3":6,"4":10,"5":80,"6":13,"7":23,"8":22},"b":{"0":[93,27],"1":[80]},"meta":{"lastBranch":2,"lastFunction":9,"lastStatement":20,"seen":{"s:6:22:6:46":0,"s:7:24:7:41":1,"f:9:2:9:14":0,"s:10:4:10:Infinity":2,"f:13:2:13:17":1,"s:14:4:14:Infinity":3,"f:17:2:17:7":2,"b:18:4:21:Infinity:20:11:21:Infinity":0,"s:18:4:21:Infinity":4,"s:19:6:19:Infinity":5,"s:21:6:21:Infinity":6,"s:23:4:27:Infinity":7,"s:24:6:27:Infinity":8,"s:25:8:25:Infinity":9,"s:27:8:27:Infinity":10,"f:32:2:32:32":3,"s:33:4:33:Infinity":11,"f:36:2:36:15":4,"s:37:4:37:Infinity":12,"f:41:2:41:17":5,"b:41:56:41:67":1,"s:42:4:47:Infinity":13,"f:50:2:50:18":6,"s:51:4:56:Infinity":14,"f:59:2:59:19":7,"s:61:4:67:Infinity":15,"s:62:6:67:Infinity":16,"s:69:4:69:Infinity":17,"f:72:2:72:18":8,"s:73:4:73:Infinity":18,"s:74:4:74:Infinity":19}}}
,"/home/liam/Documents/Projects/piano/src/input/KeyboardInput.ts": {"path":"/home/liam/Documents/Projects/piano/src/input/KeyboardInput.ts","statementMap":{"0":{"start":{"line":7,"column":40},"end":{"line":41,"column":null}},"1":{"start":{"line":45,"column":23},"end":{"line":45,"column":40}},"2":{"start":{"line":46,"column":20},"end":{"line":46,"column":null}},"3":{"start":{"line":51,"column":4},"end":{"line":51,"column":null}},"4":{"start":{"line":53,"column":4},"end":{"line":67,"column":null}},"5":{"start":{"line":54,"column":6},"end":{"line":54,"column":null}},"6":{"start":{"line":54,"column":25},"end":{"line":54,"column":null}},"7":{"start":{"line":56,"column":6},"end":{"line":56,"column":null}},"8":{"start":{"line":56,"column":91},"end":{"line":56,"column":null}},"9":{"start":{"line":58,"column":18},"end":{"line":58,"column":37}},"10":{"start":{"line":59,"column":6},"end":{"line":67,"column":null}},"11":{"start":{"line":60,"column":8},"end":{"line":60,"column":null}},"12":{"start":{"line":61,"column":8},"end":{"line":61,"column":null}},"13":{"start":{"line":62,"column":8},"end":{"line":67,"column":null}},"14":{"start":{"line":71,"column":4},"end":{"line":81,"column":null}},"15":{"start":{"line":72,"column":6},"end":{"line":72,"column":null}},"16":{"start":{"line":72,"column":25},"end":{"line":72,"column":null}},"17":{"start":{"line":73,"column":18},"end":{"line":73,"column":37}},"18":{"start":{"line":74,"column":6},"end":{"line":81,"column":null}},"19":{"start":{"line":75,"column":8},"end":{"line":75,"column":null}},"20":{"start":{"line":76,"column":8},"end":{"line":81,"column":null}},"21":{"start":{"line":87,"column":4},"end":{"line":87,"column":null}},"22":{"start":{"line":88,"column":4},"end":{"line":88,"column":null}},"23":{"start":{"line":92,"column":4},"end":{"line":92,"column":null}},"24":{"start":{"line":93,"column":4},"end":{"line":94,"column":null}},"25":{"start":{"line":94,"column":6},"end":{"line":94,"column":null}},"26":{"start":{"line":99,"column":4},"end":{"line":99,"column":null}},"27":{"start":{"line":103,"column":4},"end":{"line":103,"column":null}},"28":{"start":{"line":107,"column":4},"end":{"line":107,"column":null}},"29":{"start":{"line":111,"column":4},"end":{"line":111,"column":null}},"30":{"start":{"line":112,"column":4},"end":{"line":112,"column":null}},"31":{"start":{"line":113,"column":4},"end":{"line":113,"column":null}}},"fnMap":{"0":{"name":"(anonymous_0)","decl":{"start":{"line":50,"column":2},"end":{"line":50,"column":14}},"loc":{"start":{"line":50,"column":42},"end":{"line":81,"column":null}},"line":50},"1":{"name":"(anonymous_1)","decl":{"start":{"line":53,"column":9},"end":{"line":53,"column":26}},"loc":{"start":{"line":53,"column":47},"end":{"line":67,"column":null}},"line":53},"2":{"name":"(anonymous_2)","decl":{"start":{"line":71,"column":9},"end":{"line":71,"column":24}},"loc":{"start":{"line":71,"column":45},"end":{"line":81,"column":null}},"line":71},"3":{"name":"(anonymous_3)","decl":{"start":{"line":86,"column":2},"end":{"line":86,"column":15}},"loc":{"start":{"line":86,"column":15},"end":{"line":88,"column":null}},"line":86},"4":{"name":"(anonymous_4)","decl":{"start":{"line":91,"column":2},"end":{"line":91,"column":13}},"loc":{"start":{"line":91,"column":37},"end":{"line":94,"column":null}},"line":91},"5":{"name":"(anonymous_5)","decl":{"start":{"line":98,"column":2},"end":{"line":98,"column":23}},"loc":{"start":{"line":98,"column":23},"end":{"line":99,"column":null}},"line":98},"6":{"name":"(anonymous_6)","decl":{"start":{"line":102,"column":9},"end":{"line":102,"column":45}},"loc":{"start":{"line":102,"column":45},"end":{"line":103,"column":null}},"line":102},"7":{"name":"(anonymous_7)","decl":{"start":{"line":106,"column":9},"end":{"line":106,"column":23}},"loc":{"start":{"line":106,"column":56},"end":{"line":107,"column":null}},"line":106},"8":{"name":"(anonymous_8)","decl":{"start":{"line":110,"column":2},"end":{"line":110,"column":18}},"loc":{"start":{"line":110,"column":18},"end":{"line":113,"column":null}},"line":110}},"branchMap":{"0":{"loc":{"start":{"line":54,"column":6},"end":{"line":54,"column":null}},"type":"if","locations":[{"start":{"line":54,"column":6},"end":{"line":54,"column":null}},{"start":{},"end":{}}],"line":54},"1":{"loc":{"start":{"line":56,"column":6},"end":{"line":56,"column":null}},"type":"if","locations":[{"start":{"line":56,"column":6},"end":{"line":56,"column":null}},{"start":{},"end":{}}],"line":56},"2":{"loc":{"start":{"line":56,"column":10},"end":{"line":56,"column":91}},"type":"binary-expr","locations":[{"start":{"line":56,"column":10},"end":{"line":56,"column":50}},{"start":{"line":56,"column":50},"end":{"line":56,"column":91}}],"line":56},"3":{"loc":{"start":{"line":59,"column":6},"end":{"line":67,"column":null}},"type":"if","locations":[{"start":{"line":59,"column":6},"end":{"line":67,"column":null}},{"start":{},"end":{}}],"line":59},"4":{"loc":{"start":{"line":59,"column":10},"end":{"line":59,"column":53}},"type":"binary-expr","locations":[{"start":{"line":59,"column":10},"end":{"line":59,"column":28}},{"start":{"line":59,"column":28},"end":{"line":59,"column":53}}],"line":59},"5":{"loc":{"start":{"line":72,"column":6},"end":{"line":72,"column":null}},"type":"if","locations":[{"start":{"line":72,"column":6},"end":{"line":72,"column":null}},{"start":{},"end":{}}],"line":72},"6":{"loc":{"start":{"line":74,"column":6},"end":{"line":81,"column":null}},"type":"if","locations":[{"start":{"line":74,"column":6},"end":{"line":81,"column":null}},{"start":{},"end":{}}],"line":74},"7":{"loc":{"start":{"line":74,"column":10},"end":{"line":74,"column":52}},"type":"binary-expr","locations":[{"start":{"line":74,"column":10},"end":{"line":74,"column":28}},{"start":{"line":74,"column":28},"end":{"line":74,"column":52}}],"line":74},"8":{"loc":{"start":{"line":93,"column":4},"end":{"line":94,"column":null}},"type":"if","locations":[{"start":{"line":93,"column":4},"end":{"line":94,"column":null}},{"start":{},"end":{}}],"line":93}},"s":{"0":1,"1":12,"2":12,"3":12,"4":12,"5":12,"6":1,"7":11,"8":1,"9":10,"10":10,"11":7,"12":7,"13":7,"14":12,"15":1,"16":0,"17":1,"18":1,"19":1,"20":1,"21":12,"22":12,"23":3,"24":3,"25":2,"26":0,"27":1,"28":3,"29":13,"30":13,"31":13},"f":{"0":12,"1":12,"2":1,"3":12,"4":3,"5":0,"6":1,"7":1,"8":13},"b":{"0":[1,11],"1":[1,10],"2":[11,10],"3":[7,3],"4":[10,9],"5":[0,1],"6":[1,0],"7":[1,1],"8":[2,1]},"meta":{"lastBranch":9,"lastFunction":9,"lastStatement":32,"seen":{"s:7:40:41:Infinity":0,"s:45:23:45:40":1,"s:46:20:46:Infinity":2,"f:50:2:50:14":0,"s:51:4:51:Infinity":3,"s:53:4:67:Infinity":4,"f:53:9:53:26":1,"b:54:6:54:Infinity:undefined:undefined:undefined:undefined":0,"s:54:6:54:Infinity":5,"s:54:25:54:Infinity":6,"b:56:6:56:Infinity:undefined:undefined:undefined:undefined":1,"s:56:6:56:Infinity":7,"b:56:10:56:50:56:50:56:91":2,"s:56:91:56:Infinity":8,"s:58:18:58:37":9,"b:59:6:67:Infinity:undefined:undefined:undefined:undefined":3,"s:59:6:67:Infinity":10,"b:59:10:59:28:59:28:59:53":4,"s:60:8:60:Infinity":11,"s:61:8:61:Infinity":12,"s:62:8:67:Infinity":13,"s:71:4:81:Infinity":14,"f:71:9:71:24":2,"b:72:6:72:Infinity:undefined:undefined:undefined:undefined":5,"s:72:6:72:Infinity":15,"s:72:25:72:Infinity":16,"s:73:18:73:37":17,"b:74:6:81:Infinity:undefined:undefined:undefined:undefined":6,"s:74:6:81:Infinity":18,"b:74:10:74:28:74:28:74:52":7,"s:75:8:75:Infinity":19,"s:76:8:81:Infinity":20,"f:86:2:86:15":3,"s:87:4:87:Infinity":21,"s:88:4:88:Infinity":22,"f:91:2:91:13":4,"s:92:4:92:Infinity":23,"b:93:4:94:Infinity:undefined:undefined:undefined:undefined":8,"s:93:4:94:Infinity":24,"s:94:6:94:Infinity":25,"f:98:2:98:23":5,"s:99:4:99:Infinity":26,"f:102:9:102:45":6,"s:103:4:103:Infinity":27,"f:106:9:106:23":7,"s:107:4:107:Infinity":28,"f:110:2:110:18":8,"s:111:4:111:Infinity":29,"s:112:4:112:Infinity":30,"s:113:4:113:Infinity":31}}}
,"/home/liam/Documents/Projects/piano/src/input/VirtualKeyboard.ts": {"path":"/home/liam/Documents/Projects/piano/src/input/VirtualKeyboard.ts","statementMap":{"0":{"start":{"line":4,"column":19},"end":{"line":4,"column":null}},"1":{"start":{"line":5,"column":19},"end":{"line":5,"column":null}},"2":{"start":{"line":6,"column":50},"end":{"line":12,"column":null}},"3":{"start":{"line":19,"column":24},"end":{"line":19,"column":54}},"4":{"start":{"line":20,"column":26},"end":{"line":20,"column":null}},"5":{"start":{"line":21,"column":29},"end":{"line":21,"column":46}},"6":{"start":{"line":22,"column":24},"end":{"line":22,"column":41}},"7":{"start":{"line":23,"column":26},"end":{"line":23,"column":66}},"8":{"start":{"line":31,"column":4},"end":{"line":31,"column":null}},"9":{"start":{"line":32,"column":4},"end":{"line":32,"column":null}},"10":{"start":{"line":33,"column":4},"end":{"line":33,"column":null}},"11":{"start":{"line":34,"column":4},"end":{"line":34,"column":null}},"12":{"start":{"line":38,"column":4},"end":{"line":38,"column":null}},"13":{"start":{"line":39,"column":4},"end":{"line":39,"column":null}},"14":{"start":{"line":40,"column":4},"end":{"line":40,"column":null}},"15":{"start":{"line":42,"column":21},"end":{"line":42,"column":50}},"16":{"start":{"line":43,"column":4},"end":{"line":43,"column":null}},"17":{"start":{"line":46,"column":30},"end":{"line":46,"column":59}},"18":{"start":{"line":47,"column":4},"end":{"line":47,"column":null}},"19":{"start":{"line":49,"column":30},"end":{"line":49,"column":59}},"20":{"start":{"line":50,"column":4},"end":{"line":50,"column":null}},"21":{"start":{"line":52,"column":4},"end":{"line":57,"column":null}},"22":{"start":{"line":52,"column":22},"end":{"line":52,"column":40}},"23":{"start":{"line":53,"column":6},"end":{"line":57,"column":null}},"24":{"start":{"line":54,"column":14},"end":{"line":54,"column":null}},"25":{"start":{"line":55,"column":20},"end":{"line":55,"column":47}},"26":{"start":{"line":56,"column":8},"end":{"line":56,"column":null}},"27":{"start":{"line":57,"column":8},"end":{"line":57,"column":null}},"28":{"start":{"line":61,"column":10},"end":{"line":61,"column":null}},"29":{"start":{"line":62,"column":21},"end":{"line":62,"column":50}},"30":{"start":{"line":63,"column":4},"end":{"line":63,"column":null}},"31":{"start":{"line":64,"column":4},"end":{"line":64,"column":null}},"32":{"start":{"line":66,"column":4},"end":{"line":78,"column":null}},"33":{"start":{"line":66,"column":22},"end":{"line":66,"column":40}},"34":{"start":{"line":67,"column":6},"end":{"line":78,"column":null}},"35":{"start":{"line":68,"column":14},"end":{"line":68,"column":null}},"36":{"start":{"line":69,"column":23},"end":{"line":69,"column":null}},"37":{"start":{"line":70,"column":30},"end":{"line":70,"column":null}},"38":{"start":{"line":71,"column":14},"end":{"line":71,"column":null}},"39":{"start":{"line":72,"column":14},"end":{"line":72,"column":null}},"40":{"start":{"line":74,"column":20},"end":{"line":74,"column":46}},"41":{"start":{"line":75,"column":8},"end":{"line":75,"column":null}},"42":{"start":{"line":76,"column":8},"end":{"line":76,"column":null}},"43":{"start":{"line":77,"column":8},"end":{"line":77,"column":null}},"44":{"start":{"line":78,"column":8},"end":{"line":78,"column":null}},"45":{"start":{"line":82,"column":4},"end":{"line":82,"column":null}},"46":{"start":{"line":83,"column":4},"end":{"line":83,"column":null}},"47":{"start":{"line":84,"column":4},"end":{"line":84,"column":null}},"48":{"start":{"line":88,"column":16},"end":{"line":88,"column":45}},"49":{"start":{"line":89,"column":4},"end":{"line":89,"column":null}},"50":{"start":{"line":90,"column":4},"end":{"line":90,"column":null}},"51":{"start":{"line":92,"column":4},"end":{"line":94,"column":null}},"52":{"start":{"line":93,"column":29},"end":{"line":93,"column":null}},"53":{"start":{"line":94,"column":6},"end":{"line":94,"column":null}},"54":{"start":{"line":97,"column":4},"end":{"line":103,"column":null}},"55":{"start":{"line":98,"column":20},"end":{"line":98,"column":50}},"56":{"start":{"line":99,"column":6},"end":{"line":99,"column":null}},"57":{"start":{"line":100,"column":12},"end":{"line":100,"column":39}},"58":{"start":{"line":102,"column":6},"end":{"line":102,"column":null}},"59":{"start":{"line":103,"column":6},"end":{"line":103,"column":null}},"60":{"start":{"line":107,"column":10},"end":{"line":117,"column":null}},"61":{"start":{"line":108,"column":6},"end":{"line":108,"column":null}},"62":{"start":{"line":109,"column":6},"end":{"line":117,"column":null}},"63":{"start":{"line":110,"column":8},"end":{"line":110,"column":null}},"64":{"start":{"line":111,"column":8},"end":{"line":111,"column":null}},"65":{"start":{"line":112,"column":8},"end":{"line":117,"column":null}},"66":{"start":{"line":121,"column":10},"end":{"line":131,"column":null}},"67":{"start":{"line":122,"column":6},"end":{"line":122,"column":null}},"68":{"start":{"line":123,"column":6},"end":{"line":131,"column":null}},"69":{"start":{"line":124,"column":8},"end":{"line":124,"column":null}},"70":{"start":{"line":125,"column":8},"end":{"line":125,"column":null}},"71":{"start":{"line":126,"column":8},"end":{"line":131,"column":null}},"72":{"start":{"line":135,"column":4},"end":{"line":135,"column":null}},"73":{"start":{"line":136,"column":4},"end":{"line":136,"column":null}},"74":{"start":{"line":137,"column":4},"end":{"line":137,"column":null}},"75":{"start":{"line":138,"column":4},"end":{"line":138,"column":null}},"76":{"start":{"line":139,"column":4},"end":{"line":139,"column":null}},"77":{"start":{"line":140,"column":4},"end":{"line":140,"column":null}},"78":{"start":{"line":142,"column":4},"end":{"line":142,"column":null}},"79":{"start":{"line":147,"column":4},"end":{"line":148,"column":null}},"80":{"start":{"line":148,"column":6},"end":{"line":148,"column":null}},"81":{"start":{"line":150,"column":4},"end":{"line":150,"column":null}},"82":{"start":{"line":153,"column":4},"end":{"line":157,"column":null}},"83":{"start":{"line":154,"column":17},"end":{"line":154,"column":43}},"84":{"start":{"line":155,"column":6},"end":{"line":157,"column":null}},"85":{"start":{"line":156,"column":8},"end":{"line":156,"column":null}},"86":{"start":{"line":157,"column":8},"end":{"line":157,"column":null}},"87":{"start":{"line":162,"column":4},"end":{"line":164,"column":null}},"88":{"start":{"line":163,"column":22},"end":{"line":163,"column":null}},"89":{"start":{"line":164,"column":6},"end":{"line":164,"column":null}},"90":{"start":{"line":169,"column":4},"end":{"line":169,"column":null}},"91":{"start":{"line":170,"column":15},"end":{"line":173,"column":11}},"92":{"start":{"line":171,"column":6},"end":{"line":171,"column":null}},"93":{"start":{"line":172,"column":6},"end":{"line":172,"column":null}},"94":{"start":{"line":174,"column":4},"end":{"line":174,"column":null}},"95":{"start":{"line":178,"column":4},"end":{"line":178,"column":null}},"96":{"start":{"line":179,"column":15},"end":{"line":182,"column":11}},"97":{"start":{"line":180,"column":6},"end":{"line":180,"column":null}},"98":{"start":{"line":181,"column":6},"end":{"line":181,"column":null}},"99":{"start":{"line":183,"column":4},"end":{"line":183,"column":null}},"100":{"start":{"line":187,"column":4},"end":{"line":187,"column":null}},"101":{"start":{"line":188,"column":4},"end":{"line":188,"column":null}},"102":{"start":{"line":192,"column":15},"end":{"line":192,"column":41}},"103":{"start":{"line":193,"column":4},"end":{"line":194,"column":null}},"104":{"start":{"line":194,"column":6},"end":{"line":194,"column":null}},"105":{"start":{"line":199,"column":4},"end":{"line":199,"column":null}},"106":{"start":{"line":199,"column":34},"end":{"line":199,"column":null}},"107":{"start":{"line":201,"column":20},"end":{"line":201,"column":44}},"108":{"start":{"line":202,"column":20},"end":{"line":202,"column":44}},"109":{"start":{"line":205,"column":22},"end":{"line":205,"column":63}},"110":{"start":{"line":206,"column":22},"end":{"line":206,"column":null}},"111":{"start":{"line":207,"column":26},"end":{"line":207,"column":77}},"112":{"start":{"line":209,"column":4},"end":{"line":212,"column":null}},"113":{"start":{"line":210,"column":6},"end":{"line":210,"column":null}},"114":{"start":{"line":211,"column":6},"end":{"line":211,"column":null}},"115":{"start":{"line":212,"column":6},"end":{"line":212,"column":null}},"116":{"start":{"line":217,"column":4},"end":{"line":217,"column":null}},"117":{"start":{"line":221,"column":4},"end":{"line":221,"column":null}},"118":{"start":{"line":221,"column":41},"end":{"line":221,"column":null}},"119":{"start":{"line":222,"column":4},"end":{"line":222,"column":null}},"120":{"start":{"line":223,"column":4},"end":{"line":223,"column":null}},"121":{"start":{"line":224,"column":4},"end":{"line":224,"column":null}},"122":{"start":{"line":225,"column":4},"end":{"line":225,"column":null}},"123":{"start":{"line":226,"column":4},"end":{"line":226,"column":null}}},"fnMap":{"0":{"name":"(anonymous_0)","decl":{"start":{"line":25,"column":2},"end":{"line":25,"column":null}},"loc":{"start":{"line":30,"column":4},"end":{"line":34,"column":null}},"line":30},"1":{"name":"(anonymous_1)","decl":{"start":{"line":37,"column":2},"end":{"line":37,"column":17}},"loc":{"start":{"line":37,"column":17},"end":{"line":84,"column":null}},"line":37},"2":{"name":"(anonymous_2)","decl":{"start":{"line":87,"column":2},"end":{"line":87,"column":10}},"loc":{"start":{"line":87,"column":65},"end":{"line":142,"column":null}},"line":87},"3":{"name":"(anonymous_3)","decl":{"start":{"line":107,"column":10},"end":{"line":107,"column":20}},"loc":{"start":{"line":107,"column":33},"end":{"line":117,"column":null}},"line":107},"4":{"name":"(anonymous_4)","decl":{"start":{"line":121,"column":10},"end":{"line":121,"column":21}},"loc":{"start":{"line":121,"column":34},"end":{"line":131,"column":null}},"line":121},"5":{"name":"(anonymous_5)","decl":{"start":{"line":145,"column":2},"end":{"line":145,"column":16}},"loc":{"start":{"line":145,"column":45},"end":{"line":164,"column":null}},"line":145},"6":{"name":"(anonymous_6)","decl":{"start":{"line":168,"column":2},"end":{"line":168,"column":14}},"loc":{"start":{"line":168,"column":34},"end":{"line":174,"column":null}},"line":168},"7":{"name":"(anonymous_7)","decl":{"start":{"line":170,"column":15},"end":{"line":170,"column":32}},"loc":{"start":{"line":170,"column":32},"end":{"line":173,"column":11}},"line":170},"8":{"name":"(anonymous_8)","decl":{"start":{"line":177,"column":2},"end":{"line":177,"column":12}},"loc":{"start":{"line":177,"column":32},"end":{"line":183,"column":null}},"line":177},"9":{"name":"(anonymous_9)","decl":{"start":{"line":179,"column":15},"end":{"line":179,"column":32}},"loc":{"start":{"line":179,"column":32},"end":{"line":182,"column":11}},"line":179},"10":{"name":"(anonymous_10)","decl":{"start":{"line":186,"column":2},"end":{"line":186,"column":19}},"loc":{"start":{"line":186,"column":40},"end":{"line":188,"column":null}},"line":186},"11":{"name":"(anonymous_11)","decl":{"start":{"line":191,"column":2},"end":{"line":191,"column":15}},"loc":{"start":{"line":191,"column":35},"end":{"line":194,"column":null}},"line":191},"12":{"name":"(anonymous_12)","decl":{"start":{"line":198,"column":2},"end":{"line":198,"column":21}},"loc":{"start":{"line":198,"column":50},"end":{"line":212,"column":null}},"line":198},"13":{"name":"(anonymous_13)","decl":{"start":{"line":216,"column":2},"end":{"line":216,"column":58}},"loc":{"start":{"line":216,"column":58},"end":{"line":217,"column":null}},"line":216},"14":{"name":"(anonymous_14)","decl":{"start":{"line":220,"column":2},"end":{"line":220,"column":18}},"loc":{"start":{"line":220,"column":18},"end":{"line":226,"column":null}},"line":220}},"branchMap":{"0":{"loc":{"start":{"line":28,"column":4},"end":{"line":28,"column":null}},"type":"default-arg","locations":[{"start":{"line":28,"column":18},"end":{"line":28,"column":null}}],"line":28},"1":{"loc":{"start":{"line":29,"column":4},"end":{"line":29,"column":null}},"type":"default-arg","locations":[{"start":{"line":29,"column":17},"end":{"line":29,"column":null}}],"line":29},"2":{"loc":{"start":{"line":89,"column":30},"end":{"line":89,"column":null}},"type":"cond-expr","locations":[{"start":{"line":89,"column":40},"end":{"line":89,"column":53}},{"start":{"line":89,"column":53},"end":{"line":89,"column":null}}],"line":89},"3":{"loc":{"start":{"line":92,"column":4},"end":{"line":94,"column":null}},"type":"if","locations":[{"start":{"line":92,"column":4},"end":{"line":94,"column":null}},{"start":{},"end":{}}],"line":92},"4":{"loc":{"start":{"line":97,"column":4},"end":{"line":103,"column":null}},"type":"if","locations":[{"start":{"line":97,"column":4},"end":{"line":103,"column":null}},{"start":{},"end":{}}],"line":97},"5":{"loc":{"start":{"line":97,"column":8},"end":{"line":97,"column":40}},"type":"binary-expr","locations":[{"start":{"line":97,"column":8},"end":{"line":97,"column":30}},{"start":{"line":97,"column":30},"end":{"line":97,"column":40}}],"line":97},"6":{"loc":{"start":{"line":109,"column":6},"end":{"line":117,"column":null}},"type":"if","locations":[{"start":{"line":109,"column":6},"end":{"line":117,"column":null}},{"start":{},"end":{}}],"line":109},"7":{"loc":{"start":{"line":123,"column":6},"end":{"line":131,"column":null}},"type":"if","locations":[{"start":{"line":123,"column":6},"end":{"line":131,"column":null}},{"start":{},"end":{}}],"line":123},"8":{"loc":{"start":{"line":155,"column":6},"end":{"line":157,"column":null}},"type":"if","locations":[{"start":{"line":155,"column":6},"end":{"line":157,"column":null}},{"start":{},"end":{}}],"line":155},"9":{"loc":{"start":{"line":162,"column":4},"end":{"line":164,"column":null}},"type":"if","locations":[{"start":{"line":162,"column":4},"end":{"line":164,"column":null}},{"start":{},"end":{}}],"line":162},"10":{"loc":{"start":{"line":193,"column":4},"end":{"line":194,"column":null}},"type":"if","locations":[{"start":{"line":193,"column":4},"end":{"line":194,"column":null}},{"start":{},"end":{}}],"line":193},"11":{"loc":{"start":{"line":199,"column":4},"end":{"line":199,"column":null}},"type":"if","locations":[{"start":{"line":199,"column":4},"end":{"line":199,"column":null}},{"start":{},"end":{}}],"line":199},"12":{"loc":{"start":{"line":209,"column":4},"end":{"line":212,"column":null}},"type":"if","locations":[{"start":{"line":209,"column":4},"end":{"line":212,"column":null}},{"start":{},"end":{}}],"line":209},"13":{"loc":{"start":{"line":209,"column":8},"end":{"line":209,"column":77}},"type":"binary-expr","locations":[{"start":{"line":209,"column":8},"end":{"line":209,"column":42}},{"start":{"line":209,"column":42},"end":{"line":209,"column":77}}],"line":209}},"s":{"0":1,"1":1,"2":1,"3":9,"4":9,"5":9,"6":9,"7":9,"8":9,"9":9,"10":9,"11":9,"12":9,"13":9,"14":9,"15":9,"16":9,"17":9,"18":9,"19":9,"20":9,"21":9,"22":9,"23":36,"24":252,"25":252,"26":252,"27":252,"28":9,"29":9,"30":9,"31":9,"32":9,"33":9,"34":36,"35":180,"36":180,"37":180,"38":180,"39":180,"40":180,"41":180,"42":180,"43":180,"44":180,"45":9,"46":9,"47":9,"48":441,"49":441,"50":441,"51":441,"52":261,"53":261,"54":441,"55":261,"56":261,"57":261,"58":261,"59":261,"60":441,"61":2,"62":2,"63":2,"64":2,"65":2,"66":441,"67":1,"68":1,"69":1,"70":1,"71":1,"72":441,"73":441,"74":441,"75":441,"76":441,"77":441,"78":441,"79":3,"80":1,"81":3,"82":3,"83":3,"84":3,"85":3,"86":3,"87":3,"88":3,"89":3,"90":1,"91":1,"92":1,"93":1,"94":1,"95":1,"96":1,"97":1,"98":1,"99":1,"100":0,"101":0,"102":3,"103":3,"104":0,"105":0,"106":0,"107":0,"108":0,"109":0,"110":0,"111":0,"112":0,"113":0,"114":0,"115":0,"116":0,"117":10,"118":0,"119":10,"120":10,"121":10,"122":10,"123":10},"f":{"0":9,"1":9,"2":441,"3":2,"4":1,"5":3,"6":1,"7":1,"8":1,"9":1,"10":0,"11":3,"12":0,"13":0,"14":10},"b":{"0":[9],"1":[9],"2":[180,261],"3":[261,180],"4":[261,180],"5":[441,441],"6":[2,0],"7":[1,0],"8":[3,0],"9":[3,0],"10":[0,3],"11":[0,0],"12":[0,0],"13":[0,0]},"meta":{"lastBranch":14,"lastFunction":15,"lastStatement":124,"seen":{"s:4:19:4:Infinity":0,"s:5:19:5:Infinity":1,"s:6:50:12:Infinity":2,"s:19:24:19:54":3,"s:20:26:20:Infinity":4,"s:21:29:21:46":5,"s:22:24:22:41":6,"s:23:26:23:66":7,"f:25:2:25:Infinity":0,"b:28:18:28:Infinity":0,"b:29:17:29:Infinity":1,"s:31:4:31:Infinity":8,"s:32:4:32:Infinity":9,"s:33:4:33:Infinity":10,"s:34:4:34:Infinity":11,"f:37:2:37:17":1,"s:38:4:38:Infinity":12,"s:39:4:39:Infinity":13,"s:40:4:40:Infinity":14,"s:42:21:42:50":15,"s:43:4:43:Infinity":16,"s:46:30:46:59":17,"s:47:4:47:Infinity":18,"s:49:30:49:59":19,"s:50:4:50:Infinity":20,"s:52:4:57:Infinity":21,"s:52:22:52:40":22,"s:53:6:57:Infinity":23,"s:54:14:54:Infinity":24,"s:55:20:55:47":25,"s:56:8:56:Infinity":26,"s:57:8:57:Infinity":27,"s:61:10:61:Infinity":28,"s:62:21:62:50":29,"s:63:4:63:Infinity":30,"s:64:4:64:Infinity":31,"s:66:4:78:Infinity":32,"s:66:22:66:40":33,"s:67:6:78:Infinity":34,"s:68:14:68:Infinity":35,"s:69:23:69:Infinity":36,"s:70:30:70:Infinity":37,"s:71:14:71:Infinity":38,"s:72:14:72:Infinity":39,"s:74:20:74:46":40,"s:75:8:75:Infinity":41,"s:76:8:76:Infinity":42,"s:77:8:77:Infinity":43,"s:78:8:78:Infinity":44,"s:82:4:82:Infinity":45,"s:83:4:83:Infinity":46,"s:84:4:84:Infinity":47,"f:87:2:87:10":2,"s:88:16:88:45":48,"s:89:4:89:Infinity":49,"b:89:40:89:53:89:53:89:Infinity":2,"s:90:4:90:Infinity":50,"b:92:4:94:Infinity:undefined:undefined:undefined:undefined":3,"s:92:4:94:Infinity":51,"s:93:29:93:Infinity":52,"s:94:6:94:Infinity":53,"b:97:4:103:Infinity:undefined:undefined:undefined:undefined":4,"s:97:4:103:Infinity":54,"b:97:8:97:30:97:30:97:40":5,"s:98:20:98:50":55,"s:99:6:99:Infinity":56,"s:100:12:100:39":57,"s:102:6:102:Infinity":58,"s:103:6:103:Infinity":59,"s:107:10:117:Infinity":60,"f:107:10:107:20":3,"s:108:6:108:Infinity":61,"b:109:6:117:Infinity:undefined:undefined:undefined:undefined":6,"s:109:6:117:Infinity":62,"s:110:8:110:Infinity":63,"s:111:8:111:Infinity":64,"s:112:8:117:Infinity":65,"s:121:10:131:Infinity":66,"f:121:10:121:21":4,"s:122:6:122:Infinity":67,"b:123:6:131:Infinity:undefined:undefined:undefined:undefined":7,"s:123:6:131:Infinity":68,"s:124:8:124:Infinity":69,"s:125:8:125:Infinity":70,"s:126:8:131:Infinity":71,"s:135:4:135:Infinity":72,"s:136:4:136:Infinity":73,"s:137:4:137:Infinity":74,"s:138:4:138:Infinity":75,"s:139:4:139:Infinity":76,"s:140:4:140:Infinity":77,"s:142:4:142:Infinity":78,"f:145:2:145:16":5,"s:147:4:148:Infinity":79,"s:148:6:148:Infinity":80,"s:150:4:150:Infinity":81,"s:153:4:157:Infinity":82,"s:154:17:154:43":83,"b:155:6:157:Infinity:undefined:undefined:undefined:undefined":8,"s:155:6:157:Infinity":84,"s:156:8:156:Infinity":85,"s:157:8:157:Infinity":86,"b:162:4:164:Infinity:undefined:undefined:undefined:undefined":9,"s:162:4:164:Infinity":87,"s:163:22:163:Infinity":88,"s:164:6:164:Infinity":89,"f:168:2:168:14":6,"s:169:4:169:Infinity":90,"s:170:15:173:11":91,"f:170:15:170:32":7,"s:171:6:171:Infinity":92,"s:172:6:172:Infinity":93,"s:174:4:174:Infinity":94,"f:177:2:177:12":8,"s:178:4:178:Infinity":95,"s:179:15:182:11":96,"f:179:15:179:32":9,"s:180:6:180:Infinity":97,"s:181:6:181:Infinity":98,"s:183:4:183:Infinity":99,"f:186:2:186:19":10,"s:187:4:187:Infinity":100,"s:188:4:188:Infinity":101,"f:191:2:191:15":11,"s:192:15:192:41":102,"b:193:4:194:Infinity:undefined:undefined:undefined:undefined":10,"s:193:4:194:Infinity":103,"s:194:6:194:Infinity":104,"f:198:2:198:21":12,"b:199:4:199:Infinity:undefined:undefined:undefined:undefined":11,"s:199:4:199:Infinity":105,"s:199:34:199:Infinity":106,"s:201:20:201:44":107,"s:202:20:202:44":108,"s:205:22:205:63":109,"s:206:22:206:Infinity":110,"s:207:26:207:77":111,"b:209:4:212:Infinity:undefined:undefined:undefined:undefined":12,"s:209:4:212:Infinity":112,"b:209:8:209:42:209:42:209:77":13,"s:210:6:210:Infinity":113,"s:211:6:211:Infinity":114,"s:212:6:212:Infinity":115,"f:216:2:216:58":13,"s:217:4:217:Infinity":116,"f:220:2:220:18":14,"s:221:4:221:Infinity":117,"s:221:41:221:Infinity":118,"s:222:4:222:Infinity":119,"s:223:4:223:Infinity":120,"s:224:4:224:Infinity":121,"s:225:4:225:Infinity":122,"s:226:4:226:Infinity":123}}}
,"/home/liam/Documents/Projects/piano/src/modes/PlayMode.ts": {"path":"/home/liam/Documents/Projects/piano/src/modes/PlayMode.ts","statementMap":{"0":{"start":{"line":12,"column":33},"end":{"line":12,"column":null}},"1":{"start":{"line":13,"column":25},"end":{"line":13,"column":null}},"2":{"start":{"line":14,"column":34},"end":{"line":14,"column":36}},"3":{"start":{"line":15,"column":32},"end":{"line":15,"column":null}},"4":{"start":{"line":23,"column":4},"end":{"line":23,"column":null}},"5":{"start":{"line":24,"column":4},"end":{"line":24,"column":null}},"6":{"start":{"line":25,"column":4},"end":{"line":25,"column":null}},"7":{"start":{"line":26,"column":4},"end":{"line":26,"column":null}},"8":{"start":{"line":30,"column":4},"end":{"line":30,"column":null}},"9":{"start":{"line":30,"column":34},"end":{"line":30,"column":null}},"10":{"start":{"line":32,"column":4},"end":{"line":33,"column":null}},"11":{"start":{"line":33,"column":6},"end":{"line":33,"column":null}},"12":{"start":{"line":36,"column":4},"end":{"line":40,"column":null}},"13":{"start":{"line":37,"column":6},"end":{"line":37,"column":null}},"14":{"start":{"line":38,"column":6},"end":{"line":38,"column":null}},"15":{"start":{"line":39,"column":6},"end":{"line":39,"column":null}},"16":{"start":{"line":40,"column":6},"end":{"line":40,"column":null}},"17":{"start":{"line":44,"column":4},"end":{"line":44,"column":null}},"18":{"start":{"line":45,"column":4},"end":{"line":45,"column":null}},"19":{"start":{"line":46,"column":4},"end":{"line":46,"column":null}},"20":{"start":{"line":48,"column":4},"end":{"line":48,"column":null}},"21":{"start":{"line":50,"column":4},"end":{"line":55,"column":null}},"22":{"start":{"line":53,"column":17},"end":{"line":53,"column":44}},"23":{"start":{"line":54,"column":12},"end":{"line":54,"column":29}},"24":{"start":{"line":57,"column":4},"end":{"line":57,"column":null}},"25":{"start":{"line":58,"column":4},"end":{"line":58,"column":null}},"26":{"start":{"line":59,"column":4},"end":{"line":59,"column":null}},"27":{"start":{"line":63,"column":4},"end":{"line":63,"column":null}},"28":{"start":{"line":63,"column":34},"end":{"line":63,"column":null}},"29":{"start":{"line":64,"column":4},"end":{"line":64,"column":null}},"30":{"start":{"line":65,"column":4},"end":{"line":65,"column":null}},"31":{"start":{"line":66,"column":4},"end":{"line":66,"column":null}},"32":{"start":{"line":70,"column":4},"end":{"line":70,"column":null}},"33":{"start":{"line":71,"column":4},"end":{"line":71,"column":null}},"34":{"start":{"line":72,"column":4},"end":{"line":72,"column":null}},"35":{"start":{"line":73,"column":4},"end":{"line":73,"column":null}},"36":{"start":{"line":74,"column":4},"end":{"line":74,"column":null}},"37":{"start":{"line":75,"column":4},"end":{"line":75,"column":null}},"38":{"start":{"line":80,"column":4},"end":{"line":80,"column":null}},"39":{"start":{"line":82,"column":4},"end":{"line":84,"column":null}},"40":{"start":{"line":83,"column":6},"end":{"line":83,"column":null}},"41":{"start":{"line":84,"column":6},"end":{"line":84,"column":null}},"42":{"start":{"line":87,"column":4},"end":{"line":87,"column":null}},"43":{"start":{"line":88,"column":4},"end":{"line":88,"column":null}},"44":{"start":{"line":89,"column":4},"end":{"line":89,"column":null}},"45":{"start":{"line":93,"column":4},"end":{"line":93,"column":null}},"46":{"start":{"line":94,"column":4},"end":{"line":94,"column":null}},"47":{"start":{"line":95,"column":4},"end":{"line":109,"column":null}},"48":{"start":{"line":113,"column":4},"end":{"line":113,"column":null}},"49":{"start":{"line":114,"column":4},"end":{"line":115,"column":null}},"50":{"start":{"line":115,"column":6},"end":{"line":115,"column":null}},"51":{"start":{"line":120,"column":4},"end":{"line":120,"column":null}},"52":{"start":{"line":124,"column":4},"end":{"line":124,"column":null}},"53":{"start":{"line":128,"column":4},"end":{"line":128,"column":null}},"54":{"start":{"line":128,"column":36},"end":{"line":128,"column":null}},"55":{"start":{"line":129,"column":4},"end":{"line":129,"column":null}},"56":{"start":{"line":133,"column":23},"end":{"line":133,"column":null}},"57":{"start":{"line":134,"column":4},"end":{"line":134,"column":null}},"58":{"start":{"line":134,"column":20},"end":{"line":134,"column":null}},"59":{"start":{"line":136,"column":4},"end":{"line":136,"column":null}},"60":{"start":{"line":138,"column":16},"end":{"line":138,"column":72}},"61":{"start":{"line":138,"column":45},"end":{"line":138,"column":72}},"62":{"start":{"line":139,"column":4},"end":{"line":139,"column":null}},"63":{"start":{"line":141,"column":4},"end":{"line":142,"column":null}},"64":{"start":{"line":142,"column":6},"end":{"line":142,"column":null}}},"fnMap":{"0":{"name":"(anonymous_0)","decl":{"start":{"line":17,"column":2},"end":{"line":17,"column":null}},"loc":{"start":{"line":22,"column":4},"end":{"line":26,"column":null}},"line":22},"1":{"name":"(anonymous_1)","decl":{"start":{"line":29,"column":8},"end":{"line":29,"column":31}},"loc":{"start":{"line":29,"column":31},"end":{"line":59,"column":null}},"line":29},"2":{"name":"(anonymous_2)","decl":{"start":{"line":52,"column":11},"end":{"line":52,"column":null}},"loc":{"start":{"line":53,"column":17},"end":{"line":53,"column":44}},"line":53},"3":{"name":"(anonymous_3)","decl":{"start":{"line":53,"column":44},"end":{"line":53,"column":null}},"loc":{"start":{"line":54,"column":12},"end":{"line":54,"column":29}},"line":54},"4":{"name":"(anonymous_4)","decl":{"start":{"line":62,"column":2},"end":{"line":62,"column":16}},"loc":{"start":{"line":62,"column":16},"end":{"line":66,"column":null}},"line":62},"5":{"name":"(anonymous_5)","decl":{"start":{"line":69,"column":2},"end":{"line":69,"column":15}},"loc":{"start":{"line":69,"column":15},"end":{"line":75,"column":null}},"line":69},"6":{"name":"(anonymous_6)","decl":{"start":{"line":78,"column":2},"end":{"line":78,"column":10}},"loc":{"start":{"line":78,"column":47},"end":{"line":89,"column":null}},"line":78},"7":{"name":"(anonymous_7)","decl":{"start":{"line":92,"column":2},"end":{"line":92,"column":10}},"loc":{"start":{"line":92,"column":29},"end":{"line":109,"column":null}},"line":92},"8":{"name":"(anonymous_8)","decl":{"start":{"line":112,"column":2},"end":{"line":112,"column":10}},"loc":{"start":{"line":112,"column":37},"end":{"line":115,"column":null}},"line":112},"9":{"name":"(anonymous_9)","decl":{"start":{"line":119,"column":2},"end":{"line":119,"column":28}},"loc":{"start":{"line":119,"column":28},"end":{"line":120,"column":null}},"line":119},"10":{"name":"(anonymous_10)","decl":{"start":{"line":123,"column":2},"end":{"line":123,"column":28}},"loc":{"start":{"line":123,"column":28},"end":{"line":124,"column":null}},"line":123},"11":{"name":"(anonymous_11)","decl":{"start":{"line":127,"column":2},"end":{"line":127,"column":24}},"loc":{"start":{"line":127,"column":24},"end":{"line":129,"column":null}},"line":127},"12":{"name":"(anonymous_12)","decl":{"start":{"line":132,"column":2},"end":{"line":132,"column":16}},"loc":{"start":{"line":132,"column":39},"end":{"line":142,"column":null}},"line":132},"13":{"name":"(anonymous_13)","decl":{"start":{"line":138,"column":30},"end":{"line":138,"column":40}},"loc":{"start":{"line":138,"column":45},"end":{"line":138,"column":72}},"line":138}},"branchMap":{"0":{"loc":{"start":{"line":30,"column":4},"end":{"line":30,"column":null}},"type":"if","locations":[{"start":{"line":30,"column":4},"end":{"line":30,"column":null}},{"start":{},"end":{}}],"line":30},"1":{"loc":{"start":{"line":32,"column":4},"end":{"line":33,"column":null}},"type":"if","locations":[{"start":{"line":32,"column":4},"end":{"line":33,"column":null}},{"start":{},"end":{}}],"line":32},"2":{"loc":{"start":{"line":36,"column":4},"end":{"line":40,"column":null}},"type":"if","locations":[{"start":{"line":36,"column":4},"end":{"line":40,"column":null}},{"start":{},"end":{}}],"line":36},"3":{"loc":{"start":{"line":63,"column":4},"end":{"line":63,"column":null}},"type":"if","locations":[{"start":{"line":63,"column":4},"end":{"line":63,"column":null}},{"start":{},"end":{}}],"line":63},"4":{"loc":{"start":{"line":114,"column":4},"end":{"line":115,"column":null}},"type":"if","locations":[{"start":{"line":114,"column":4},"end":{"line":115,"column":null}},{"start":{},"end":{}}],"line":114},"5":{"loc":{"start":{"line":128,"column":4},"end":{"line":128,"column":null}},"type":"if","locations":[{"start":{"line":128,"column":4},"end":{"line":128,"column":null}},{"start":{},"end":{}}],"line":128},"6":{"loc":{"start":{"line":134,"column":4},"end":{"line":134,"column":null}},"type":"if","locations":[{"start":{"line":134,"column":4},"end":{"line":134,"column":null}},{"start":{},"end":{}}],"line":134},"7":{"loc":{"start":{"line":139,"column":24},"end":{"line":139,"column":null}},"type":"cond-expr","locations":[{"start":{"line":139,"column":35},"end":{"line":139,"column":41}},{"start":{"line":139,"column":41},"end":{"line":139,"column":null}}],"line":139},"8":{"loc":{"start":{"line":141,"column":4},"end":{"line":142,"column":null}},"type":"if","locations":[{"start":{"line":141,"column":4},"end":{"line":142,"column":null}},{"start":{},"end":{}}],"line":141}},"s":{"0":14,"1":14,"2":14,"3":14,"4":14,"5":14,"6":14,"7":14,"8":13,"9":1,"10":12,"11":0,"12":12,"13":1,"14":1,"15":1,"16":1,"17":11,"18":11,"19":11,"20":11,"21":11,"22":2,"23":1,"24":11,"25":11,"26":11,"27":4,"28":1,"29":3,"30":3,"31":3,"32":4,"33":4,"34":4,"35":4,"36":4,"37":4,"38":2,"39":2,"40":13,"41":13,"42":2,"43":2,"44":2,"45":1,"46":1,"47":1,"48":1,"49":1,"50":1,"51":8,"52":3,"53":3,"54":2,"55":1,"56":1,"57":1,"58":1,"59":1,"60":1,"61":9,"62":1,"63":1,"64":1},"f":{"0":14,"1":13,"2":2,"3":1,"4":4,"5":4,"6":2,"7":1,"8":1,"9":8,"10":3,"11":3,"12":1,"13":9},"b":{"0":[1,12],"1":[0,12],"2":[1,11],"3":[1,3],"4":[1,0],"5":[2,1],"6":[1,0],"7":[1,0],"8":[1,0]},"meta":{"lastBranch":9,"lastFunction":14,"lastStatement":65,"seen":{"s:12:33:12:Infinity":0,"s:13:25:13:Infinity":1,"s:14:34:14:36":2,"s:15:32:15:Infinity":3,"f:17:2:17:Infinity":0,"s:23:4:23:Infinity":4,"s:24:4:24:Infinity":5,"s:25:4:25:Infinity":6,"s:26:4:26:Infinity":7,"f:29:8:29:31":1,"b:30:4:30:Infinity:undefined:undefined:undefined:undefined":0,"s:30:4:30:Infinity":8,"s:30:34:30:Infinity":9,"b:32:4:33:Infinity:undefined:undefined:undefined:undefined":1,"s:32:4:33:Infinity":10,"s:33:6:33:Infinity":11,"b:36:4:40:Infinity:undefined:undefined:undefined:undefined":2,"s:36:4:40:Infinity":12,"s:37:6:37:Infinity":13,"s:38:6:38:Infinity":14,"s:39:6:39:Infinity":15,"s:40:6:40:Infinity":16,"s:44:4:44:Infinity":17,"s:45:4:45:Infinity":18,"s:46:4:46:Infinity":19,"s:48:4:48:Infinity":20,"s:50:4:55:Infinity":21,"f:52:11:52:Infinity":2,"s:53:17:53:44":22,"f:53:44:53:Infinity":3,"s:54:12:54:29":23,"s:57:4:57:Infinity":24,"s:58:4:58:Infinity":25,"s:59:4:59:Infinity":26,"f:62:2:62:16":4,"b:63:4:63:Infinity:undefined:undefined:undefined:undefined":3,"s:63:4:63:Infinity":27,"s:63:34:63:Infinity":28,"s:64:4:64:Infinity":29,"s:65:4:65:Infinity":30,"s:66:4:66:Infinity":31,"f:69:2:69:15":5,"s:70:4:70:Infinity":32,"s:71:4:71:Infinity":33,"s:72:4:72:Infinity":34,"s:73:4:73:Infinity":35,"s:74:4:74:Infinity":36,"s:75:4:75:Infinity":37,"f:78:2:78:10":6,"s:80:4:80:Infinity":38,"s:82:4:84:Infinity":39,"s:83:6:83:Infinity":40,"s:84:6:84:Infinity":41,"s:87:4:87:Infinity":42,"s:88:4:88:Infinity":43,"s:89:4:89:Infinity":44,"f:92:2:92:10":7,"s:93:4:93:Infinity":45,"s:94:4:94:Infinity":46,"s:95:4:109:Infinity":47,"f:112:2:112:10":8,"s:113:4:113:Infinity":48,"b:114:4:115:Infinity:undefined:undefined:undefined:undefined":4,"s:114:4:115:Infinity":49,"s:115:6:115:Infinity":50,"f:119:2:119:28":9,"s:120:4:120:Infinity":51,"f:123:2:123:28":10,"s:124:4:124:Infinity":52,"f:127:2:127:24":11,"b:128:4:128:Infinity:undefined:undefined:undefined:undefined":5,"s:128:4:128:Infinity":53,"s:128:36:128:Infinity":54,"s:129:4:129:Infinity":55,"f:132:2:132:16":12,"s:133:23:133:Infinity":56,"b:134:4:134:Infinity:undefined:undefined:undefined:undefined":6,"s:134:4:134:Infinity":57,"s:134:20:134:Infinity":58,"s:136:4:136:Infinity":59,"s:138:16:138:72":60,"f:138:30:138:40":13,"s:138:45:138:72":61,"s:139:4:139:Infinity":62,"b:139:35:139:41:139:41:139:Infinity":7,"b:141:4:142:Infinity:undefined:undefined:undefined:undefined":8,"s:141:4:142:Infinity":63,"s:142:6:142:Infinity":64}}}
,"/home/liam/Documents/Projects/piano/src/modes/PracticeMode.ts": {"path":"/home/liam/Documents/Projects/piano/src/modes/PracticeMode.ts","statementMap":{"0":{"start":{"line":18,"column":19},"end":{"line":18,"column":null}},"1":{"start":{"line":19,"column":24},"end":{"line":19,"column":null}},"2":{"start":{"line":20,"column":34},"end":{"line":20,"column":36}},"3":{"start":{"line":21,"column":42},"end":{"line":21,"column":44}},"4":{"start":{"line":22,"column":32},"end":{"line":22,"column":null}},"5":{"start":{"line":23,"column":26},"end":{"line":23,"column":null}},"6":{"start":{"line":24,"column":37},"end":{"line":24,"column":null}},"7":{"start":{"line":25,"column":35},"end":{"line":25,"column":null}},"8":{"start":{"line":26,"column":24},"end":{"line":26,"column":null}},"9":{"start":{"line":27,"column":39},"end":{"line":27,"column":null}},"10":{"start":{"line":28,"column":67},"end":{"line":28,"column":null}},"11":{"start":{"line":30,"column":21},"end":{"line":30,"column":38}},"12":{"start":{"line":31,"column":36},"end":{"line":31,"column":38}},"13":{"start":{"line":34,"column":23},"end":{"line":34,"column":null}},"14":{"start":{"line":35,"column":25},"end":{"line":35,"column":null}},"15":{"start":{"line":36,"column":23},"end":{"line":36,"column":null}},"16":{"start":{"line":37,"column":28},"end":{"line":37,"column":59}},"17":{"start":{"line":38,"column":37},"end":{"line":38,"column":null}},"18":{"start":{"line":39,"column":19},"end":{"line":39,"column":null}},"19":{"start":{"line":40,"column":23},"end":{"line":40,"column":null}},"20":{"start":{"line":41,"column":37},"end":{"line":41,"column":39}},"21":{"start":{"line":53,"column":4},"end":{"line":53,"column":null}},"22":{"start":{"line":54,"column":4},"end":{"line":54,"column":null}},"23":{"start":{"line":55,"column":4},"end":{"line":55,"column":null}},"24":{"start":{"line":56,"column":4},"end":{"line":56,"column":null}},"25":{"start":{"line":57,"column":4},"end":{"line":57,"column":null}},"26":{"start":{"line":58,"column":4},"end":{"line":58,"column":null}},"27":{"start":{"line":60,"column":4},"end":{"line":60,"column":null}},"28":{"start":{"line":60,"column":47},"end":{"line":60,"column":70}},"29":{"start":{"line":64,"column":4},"end":{"line":65,"column":null}},"30":{"start":{"line":65,"column":6},"end":{"line":65,"column":null}},"31":{"start":{"line":68,"column":4},"end":{"line":68,"column":null}},"32":{"start":{"line":69,"column":4},"end":{"line":71,"column":null}},"33":{"start":{"line":70,"column":6},"end":{"line":70,"column":null}},"34":{"start":{"line":71,"column":6},"end":{"line":71,"column":null}},"35":{"start":{"line":74,"column":4},"end":{"line":74,"column":null}},"36":{"start":{"line":75,"column":4},"end":{"line":75,"column":null}},"37":{"start":{"line":76,"column":4},"end":{"line":76,"column":null}},"38":{"start":{"line":77,"column":4},"end":{"line":77,"column":null}},"39":{"start":{"line":78,"column":4},"end":{"line":78,"column":null}},"40":{"start":{"line":79,"column":4},"end":{"line":79,"column":null}},"41":{"start":{"line":80,"column":4},"end":{"line":80,"column":null}},"42":{"start":{"line":81,"column":4},"end":{"line":81,"column":null}},"43":{"start":{"line":82,"column":4},"end":{"line":82,"column":null}},"44":{"start":{"line":83,"column":4},"end":{"line":83,"column":null}},"45":{"start":{"line":84,"column":4},"end":{"line":84,"column":null}},"46":{"start":{"line":85,"column":4},"end":{"line":85,"column":null}},"47":{"start":{"line":87,"column":4},"end":{"line":87,"column":null}},"48":{"start":{"line":88,"column":4},"end":{"line":88,"column":null}},"49":{"start":{"line":91,"column":4},"end":{"line":91,"column":null}},"50":{"start":{"line":92,"column":4},"end":{"line":92,"column":null}},"51":{"start":{"line":93,"column":4},"end":{"line":93,"column":null}},"52":{"start":{"line":94,"column":4},"end":{"line":94,"column":null}},"53":{"start":{"line":96,"column":4},"end":{"line":96,"column":null}},"54":{"start":{"line":100,"column":4},"end":{"line":100,"column":null}},"55":{"start":{"line":101,"column":4},"end":{"line":101,"column":null}},"56":{"start":{"line":102,"column":4},"end":{"line":102,"column":null}},"57":{"start":{"line":103,"column":4},"end":{"line":103,"column":null}},"58":{"start":{"line":104,"column":4},"end":{"line":104,"column":null}},"59":{"start":{"line":105,"column":4},"end":{"line":105,"column":null}},"60":{"start":{"line":109,"column":4},"end":{"line":109,"column":null}},"61":{"start":{"line":109,"column":49},"end":{"line":109,"column":null}},"62":{"start":{"line":111,"column":17},"end":{"line":111,"column":null}},"63":{"start":{"line":112,"column":23},"end":{"line":112,"column":56}},"64":{"start":{"line":114,"column":4},"end":{"line":156,"column":null}},"65":{"start":{"line":116,"column":6},"end":{"line":116,"column":null}},"66":{"start":{"line":117,"column":6},"end":{"line":117,"column":null}},"67":{"start":{"line":118,"column":6},"end":{"line":118,"column":null}},"68":{"start":{"line":119,"column":6},"end":{"line":122,"column":null}},"69":{"start":{"line":125,"column":6},"end":{"line":125,"column":null}},"70":{"start":{"line":128,"column":21},"end":{"line":128,"column":72}},"71":{"start":{"line":128,"column":51},"end":{"line":128,"column":71}},"72":{"start":{"line":129,"column":6},"end":{"line":138,"column":null}},"73":{"start":{"line":130,"column":8},"end":{"line":130,"column":null}},"74":{"start":{"line":131,"column":8},"end":{"line":131,"column":null}},"75":{"start":{"line":132,"column":8},"end":{"line":133,"column":null}},"76":{"start":{"line":133,"column":10},"end":{"line":133,"column":null}},"77":{"start":{"line":135,"column":8},"end":{"line":135,"column":null}},"78":{"start":{"line":137,"column":8},"end":{"line":137,"column":null}},"79":{"start":{"line":138,"column":8},"end":{"line":138,"column":null}},"80":{"start":{"line":142,"column":6},"end":{"line":142,"column":null}},"81":{"start":{"line":143,"column":6},"end":{"line":143,"column":null}},"82":{"start":{"line":144,"column":6},"end":{"line":144,"column":null}},"83":{"start":{"line":145,"column":6},"end":{"line":145,"column":null}},"84":{"start":{"line":146,"column":6},"end":{"line":146,"column":null}},"85":{"start":{"line":147,"column":6},"end":{"line":147,"column":null}},"86":{"start":{"line":150,"column":6},"end":{"line":150,"column":null}},"87":{"start":{"line":152,"column":6},"end":{"line":156,"column":null}},"88":{"start":{"line":160,"column":4},"end":{"line":162,"column":null}},"89":{"start":{"line":161,"column":6},"end":{"line":161,"column":null}},"90":{"start":{"line":166,"column":22},"end":{"line":166,"column":null}},"91":{"start":{"line":167,"column":4},"end":{"line":167,"column":null}},"92":{"start":{"line":169,"column":4},"end":{"line":186,"column":null}},"93":{"start":{"line":170,"column":6},"end":{"line":178,"column":null}},"94":{"start":{"line":172,"column":8},"end":{"line":172,"column":null}},"95":{"start":{"line":173,"column":8},"end":{"line":173,"column":null}},"96":{"start":{"line":174,"column":8},"end":{"line":174,"column":null}},"97":{"start":{"line":175,"column":8},"end":{"line":175,"column":null}},"98":{"start":{"line":176,"column":8},"end":{"line":176,"column":null}},"99":{"start":{"line":177,"column":8},"end":{"line":177,"column":null}},"100":{"start":{"line":178,"column":8},"end":{"line":178,"column":null}},"101":{"start":{"line":181,"column":6},"end":{"line":181,"column":null}},"102":{"start":{"line":182,"column":6},"end":{"line":182,"column":null}},"103":{"start":{"line":183,"column":6},"end":{"line":183,"column":null}},"104":{"start":{"line":184,"column":6},"end":{"line":184,"column":null}},"105":{"start":{"line":185,"column":6},"end":{"line":185,"column":null}},"106":{"start":{"line":186,"column":6},"end":{"line":186,"column":null}},"107":{"start":{"line":189,"column":4},"end":{"line":189,"column":null}},"108":{"start":{"line":192,"column":4},"end":{"line":193,"column":null}},"109":{"start":{"line":193,"column":6},"end":{"line":193,"column":null}},"110":{"start":{"line":196,"column":4},"end":{"line":196,"column":null}},"111":{"start":{"line":197,"column":4},"end":{"line":197,"column":null}},"112":{"start":{"line":198,"column":4},"end":{"line":198,"column":null}},"113":{"start":{"line":199,"column":4},"end":{"line":199,"column":null}},"114":{"start":{"line":200,"column":4},"end":{"line":200,"column":null}},"115":{"start":{"line":202,"column":4},"end":{"line":202,"column":null}},"116":{"start":{"line":208,"column":24},"end":{"line":208,"column":null}},"117":{"start":{"line":209,"column":4},"end":{"line":209,"column":null}},"118":{"start":{"line":209,"column":22},"end":{"line":209,"column":null}},"119":{"start":{"line":211,"column":4},"end":{"line":211,"column":null}},"120":{"start":{"line":213,"column":4},"end":{"line":214,"column":null}},"121":{"start":{"line":213,"column":17},"end":{"line":213,"column":20}},"122":{"start":{"line":214,"column":6},"end":{"line":214,"column":null}},"123":{"start":{"line":219,"column":18},"end":{"line":219,"column":null}},"124":{"start":{"line":220,"column":4},"end":{"line":222,"column":null}},"125":{"start":{"line":221,"column":6},"end":{"line":221,"column":null}},"126":{"start":{"line":222,"column":6},"end":{"line":222,"column":null}},"127":{"start":{"line":225,"column":4},"end":{"line":225,"column":null}},"128":{"start":{"line":225,"column":46},"end":{"line":225,"column":53}},"129":{"start":{"line":229,"column":4},"end":{"line":229,"column":null}},"130":{"start":{"line":231,"column":4},"end":{"line":231,"column":null}},"131":{"start":{"line":235,"column":18},"end":{"line":235,"column":null}},"132":{"start":{"line":236,"column":4},"end":{"line":236,"column":null}},"133":{"start":{"line":236,"column":16},"end":{"line":236,"column":null}},"134":{"start":{"line":237,"column":20},"end":{"line":237,"column":null}},"135":{"start":{"line":238,"column":4},"end":{"line":239,"column":null}},"136":{"start":{"line":239,"column":6},"end":{"line":239,"column":null}},"137":{"start":{"line":241,"column":18},"end":{"line":241,"column":51}},"138":{"start":{"line":242,"column":4},"end":{"line":243,"column":null}},"139":{"start":{"line":242,"column":17},"end":{"line":242,"column":null}},"140":{"start":{"line":243,"column":9},"end":{"line":243,"column":null}},"141":{"start":{"line":247,"column":18},"end":{"line":247,"column":null}},"142":{"start":{"line":248,"column":14},"end":{"line":248,"column":48}},"143":{"start":{"line":249,"column":14},"end":{"line":249,"column":72}},"144":{"start":{"line":250,"column":4},"end":{"line":252,"column":null}},"145":{"start":{"line":251,"column":12},"end":{"line":251,"column":49}},"146":{"start":{"line":252,"column":6},"end":{"line":252,"column":null}},"147":{"start":{"line":258,"column":25},"end":{"line":258,"column":null}},"148":{"start":{"line":259,"column":4},"end":{"line":259,"column":null}},"149":{"start":{"line":259,"column":23},"end":{"line":259,"column":null}},"150":{"start":{"line":261,"column":22},"end":{"line":261,"column":77}},"151":{"start":{"line":261,"column":46},"end":{"line":261,"column":77}},"152":{"start":{"line":262,"column":4},"end":{"line":262,"column":null}},"153":{"start":{"line":262,"column":20},"end":{"line":262,"column":null}},"154":{"start":{"line":264,"column":23},"end":{"line":264,"column":null}},"155":{"start":{"line":265,"column":24},"end":{"line":265,"column":75}},"156":{"start":{"line":265,"column":52},"end":{"line":265,"column":75}},"157":{"start":{"line":267,"column":4},"end":{"line":268,"column":null}},"158":{"start":{"line":268,"column":6},"end":{"line":268,"column":null}},"159":{"start":{"line":273,"column":17},"end":{"line":273,"column":54}},"160":{"start":{"line":276,"column":4},"end":{"line":279,"column":null}},"161":{"start":{"line":277,"column":6},"end":{"line":279,"column":null}},"162":{"start":{"line":278,"column":8},"end":{"line":278,"column":null}},"163":{"start":{"line":282,"column":4},"end":{"line":282,"column":null}},"164":{"start":{"line":286,"column":4},"end":{"line":286,"column":null}},"165":{"start":{"line":287,"column":4},"end":{"line":295,"column":null}},"166":{"start":{"line":288,"column":6},"end":{"line":288,"column":null}},"167":{"start":{"line":289,"column":6},"end":{"line":289,"column":null}},"168":{"start":{"line":291,"column":6},"end":{"line":291,"column":null}},"169":{"start":{"line":292,"column":6},"end":{"line":292,"column":null}},"170":{"start":{"line":293,"column":6},"end":{"line":293,"column":null}},"171":{"start":{"line":294,"column":6},"end":{"line":294,"column":null}},"172":{"start":{"line":295,"column":6},"end":{"line":295,"column":null}},"173":{"start":{"line":300,"column":4},"end":{"line":300,"column":null}},"174":{"start":{"line":304,"column":4},"end":{"line":304,"column":null}},"175":{"start":{"line":308,"column":4},"end":{"line":320,"column":null}},"176":{"start":{"line":319,"column":70},"end":{"line":319,"column":null}},"177":{"start":{"line":324,"column":4},"end":{"line":324,"column":null}},"178":{"start":{"line":328,"column":4},"end":{"line":328,"column":null}},"179":{"start":{"line":332,"column":4},"end":{"line":332,"column":null}},"180":{"start":{"line":336,"column":18},"end":{"line":336,"column":null}},"181":{"start":{"line":337,"column":4},"end":{"line":337,"column":null}},"182":{"start":{"line":341,"column":4},"end":{"line":341,"column":null}},"183":{"start":{"line":341,"column":25},"end":{"line":341,"column":null}},"184":{"start":{"line":342,"column":4},"end":{"line":342,"column":null}},"185":{"start":{"line":348,"column":4},"end":{"line":348,"column":null}},"186":{"start":{"line":349,"column":4},"end":{"line":349,"column":null}},"187":{"start":{"line":349,"column":54},"end":{"line":349,"column":null}},"188":{"start":{"line":351,"column":4},"end":{"line":364,"column":null}},"189":{"start":{"line":352,"column":6},"end":{"line":352,"column":null}},"190":{"start":{"line":352,"column":24},"end":{"line":352,"column":null}},"191":{"start":{"line":354,"column":6},"end":{"line":355,"column":null}},"192":{"start":{"line":355,"column":8},"end":{"line":355,"column":null}},"193":{"start":{"line":358,"column":6},"end":{"line":358,"column":null}},"194":{"start":{"line":359,"column":6},"end":{"line":359,"column":null}},"195":{"start":{"line":360,"column":6},"end":{"line":360,"column":null}},"196":{"start":{"line":362,"column":6},"end":{"line":362,"column":null}},"197":{"start":{"line":363,"column":6},"end":{"line":363,"column":null}},"198":{"start":{"line":368,"column":4},"end":{"line":370,"column":null}},"199":{"start":{"line":369,"column":6},"end":{"line":369,"column":null}},"200":{"start":{"line":370,"column":6},"end":{"line":370,"column":null}},"201":{"start":{"line":375,"column":4},"end":{"line":375,"column":null}},"202":{"start":{"line":376,"column":4},"end":{"line":377,"column":null}},"203":{"start":{"line":377,"column":6},"end":{"line":377,"column":null}},"204":{"start":{"line":382,"column":4},"end":{"line":382,"column":null}},"205":{"start":{"line":388,"column":4},"end":{"line":388,"column":null}},"206":{"start":{"line":389,"column":4},"end":{"line":389,"column":null}},"207":{"start":{"line":390,"column":4},"end":{"line":390,"column":null}},"208":{"start":{"line":391,"column":4},"end":{"line":403,"column":null}},"209":{"start":{"line":392,"column":6},"end":{"line":392,"column":null}},"210":{"start":{"line":393,"column":6},"end":{"line":393,"column":null}},"211":{"start":{"line":395,"column":6},"end":{"line":395,"column":null}},"212":{"start":{"line":396,"column":6},"end":{"line":396,"column":null}},"213":{"start":{"line":397,"column":6},"end":{"line":397,"column":null}},"214":{"start":{"line":398,"column":6},"end":{"line":398,"column":null}},"215":{"start":{"line":399,"column":6},"end":{"line":399,"column":null}},"216":{"start":{"line":400,"column":6},"end":{"line":400,"column":null}},"217":{"start":{"line":401,"column":6},"end":{"line":401,"column":null}},"218":{"start":{"line":402,"column":6},"end":{"line":402,"column":null}},"219":{"start":{"line":403,"column":6},"end":{"line":403,"column":null}},"220":{"start":{"line":408,"column":4},"end":{"line":408,"column":null}},"221":{"start":{"line":409,"column":4},"end":{"line":409,"column":null}},"222":{"start":{"line":410,"column":4},"end":{"line":410,"column":null}},"223":{"start":{"line":411,"column":4},"end":{"line":413,"column":null}},"224":{"start":{"line":412,"column":6},"end":{"line":412,"column":null}},"225":{"start":{"line":413,"column":6},"end":{"line":413,"column":null}},"226":{"start":{"line":418,"column":4},"end":{"line":418,"column":null}},"227":{"start":{"line":422,"column":4},"end":{"line":422,"column":null}},"228":{"start":{"line":422,"column":79},"end":{"line":422,"column":null}},"229":{"start":{"line":423,"column":4},"end":{"line":423,"column":null}}},"fnMap":{"0":{"name":"(anonymous_0)","decl":{"start":{"line":45,"column":2},"end":{"line":45,"column":null}},"loc":{"start":{"line":52,"column":4},"end":{"line":60,"column":null}},"line":52},"1":{"name":"(anonymous_1)","decl":{"start":{"line":60,"column":9},"end":{"line":60,"column":25}},"loc":{"start":{"line":60,"column":47},"end":{"line":60,"column":70}},"line":60},"2":{"name":"(anonymous_2)","decl":{"start":{"line":63,"column":8},"end":{"line":63,"column":31}},"loc":{"start":{"line":63,"column":31},"end":{"line":96,"column":null}},"line":63},"3":{"name":"(anonymous_3)","decl":{"start":{"line":99,"column":2},"end":{"line":99,"column":15}},"loc":{"start":{"line":99,"column":15},"end":{"line":105,"column":null}},"line":99},"4":{"name":"(anonymous_4)","decl":{"start":{"line":108,"column":2},"end":{"line":108,"column":10}},"loc":{"start":{"line":108,"column":47},"end":{"line":162,"column":null}},"line":108},"5":{"name":"(anonymous_5)","decl":{"start":{"line":128,"column":40},"end":{"line":128,"column":46}},"loc":{"start":{"line":128,"column":51},"end":{"line":128,"column":71}},"line":128},"6":{"name":"(anonymous_6)","decl":{"start":{"line":160,"column":4},"end":{"line":160,"column":21}},"loc":{"start":{"line":160,"column":21},"end":{"line":162,"column":11}},"line":160},"7":{"name":"(anonymous_7)","decl":{"start":{"line":165,"column":2},"end":{"line":165,"column":10}},"loc":{"start":{"line":165,"column":32},"end":{"line":202,"column":null}},"line":165},"8":{"name":"(anonymous_8)","decl":{"start":{"line":205,"column":2},"end":{"line":205,"column":10}},"loc":{"start":{"line":205,"column":36},"end":{"line":214,"column":null}},"line":205},"9":{"name":"(anonymous_9)","decl":{"start":{"line":218,"column":2},"end":{"line":218,"column":10}},"loc":{"start":{"line":218,"column":38},"end":{"line":225,"column":null}
[...]
,"/home/liam/Documents/Projects/piano/src/score/ScoreAnalyzer.ts": {"path":"/home/liam/Documents/Projects/piano/src/score/ScoreAnalyzer.ts","statementMap":{"0":{"start":{"line":6,"column":34},"end":{"line":6,"column":36}},"1":{"start":{"line":7,"column":59},"end":{"line":7,"column":61}},"2":{"start":{"line":8,"column":25},"end":{"line":8,"column":null}},"3":{"start":{"line":11,"column":4},"end":{"line":11,"column":null}},"4":{"start":{"line":12,"column":4},"end":{"line":12,"column":null}},"5":{"start":{"line":13,"column":4},"end":{"line":13,"column":null}},"6":{"start":{"line":15,"column":19},"end":{"line":15,"column":null}},"7":{"start":{"line":16,"column":4},"end":{"line":16,"column":null}},"8":{"start":{"line":16,"column":17},"end":{"line":16,"column":null}},"9":{"start":{"line":18,"column":4},"end":{"line":18,"column":null}},"10":{"start":{"line":19,"column":16},"end":{"line":19,"column":null}},"11":{"start":{"line":22,"column":23},"end":{"line":22,"column":null}},"12":{"start":{"line":23,"column":32},"end":{"line":23,"column":null}},"13":{"start":{"line":25,"column":4},"end":{"line":90,"column":null}},"14":{"start":{"line":26,"column":32},"end":{"line":26,"column":34}},"15":{"start":{"line":27,"column":23},"end":{"line":27,"column":null}},"16":{"start":{"line":28,"column":23},"end":{"line":28,"column":null}},"17":{"start":{"line":29,"column":28},"end":{"line":29,"column":null}},"18":{"start":{"line":33,"column":6},"end":{"line":34,"column":null}},"19":{"start":{"line":34,"column":8},"end":{"line":34,"column":null}},"20":{"start":{"line":36,"column":6},"end":{"line":36,"column":null}},"21":{"start":{"line":38,"column":29},"end":{"line":38,"column":null}},"22":{"start":{"line":39,"column":24},"end":{"line":39,"column":59}},"23":{"start":{"line":42,"column":22},"end":{"line":42,"column":null}},"24":{"start":{"line":43,"column":6},"end":{"line":73,"column":null}},"25":{"start":{"line":44,"column":8},"end":{"line":73,"column":null}},"26":{"start":{"line":45,"column":10},"end":{"line":73,"column":null}},"27":{"start":{"line":46,"column":12},"end":{"line":46,"column":null}},"28":{"start":{"line":46,"column":31},"end":{"line":46,"column":null}},"29":{"start":{"line":48,"column":29},"end":{"line":48,"column":null}},"30":{"start":{"line":50,"column":31},"end":{"line":50,"column":null}},"31":{"start":{"line":52,"column":31},"end":{"line":52,"column":null}},"32":{"start":{"line":53,"column":28},"end":{"line":53,"column":null}},"33":{"start":{"line":54,"column":27},"end":{"line":54,"column":null}},"34":{"start":{"line":56,"column":34},"end":{"line":56,"column":null}},"35":{"start":{"line":57,"column":29},"end":{"line":57,"column":63}},"36":{"start":{"line":59,"column":39},"end":{"line":69,"column":null}},"37":{"start":{"line":72,"column":12},"end":{"line":73,"column":null}},"38":{"start":{"line":73,"column":14},"end":{"line":73,"column":null}},"39":{"start":{"line":79,"column":6},"end":{"line":87,"column":null}},"40":{"start":{"line":80,"column":8},"end":{"line":86,"column":null}},"41":{"start":{"line":87,"column":8},"end":{"line":87,"column":null}},"42":{"start":{"line":90,"column":6},"end":{"line":90,"column":null}},"43":{"start":{"line":94,"column":4},"end":{"line":94,"column":null}},"44":{"start":{"line":95,"column":4},"end":{"line":95,"column":null}},"45":{"start":{"line":100,"column":19},"end":{"line":100,"column":null}},"46":{"start":{"line":101,"column":4},"end":{"line":101,"column":null}},"47":{"start":{"line":101,"column":16},"end":{"line":101,"column":null}},"48":{"start":{"line":104,"column":4},"end":{"line":108,"column":null}},"49":{"start":{"line":105,"column":6},"end":{"line":108,"column":null}},"50":{"start":{"line":106,"column":8},"end":{"line":108,"column":null}},"51":{"start":{"line":107,"column":10},"end":{"line":107,"column":null}},"52":{"start":{"line":108,"column":10},"end":{"line":108,"column":null}},"53":{"start":{"line":114,"column":22},"end":{"line":114,"column":null}},"54":{"start":{"line":115,"column":4},"end":{"line":122,"column":null}},"55":{"start":{"line":116,"column":6},"end":{"line":120,"column":null}},"56":{"start":{"line":117,"column":8},"end":{"line":120,"column":null}},"57":{"start":{"line":122,"column":6},"end":{"line":122,"column":null}},"58":{"start":{"line":125,"column":4},"end":{"line":126,"column":null}},"59":{"start":{"line":126,"column":6},"end":{"line":126,"column":null}},"60":{"start":{"line":133,"column":18},"end":{"line":133,"column":null}},"61":{"start":{"line":134,"column":25},"end":{"line":134,"column":null}},"62":{"start":{"line":135,"column":21},"end":{"line":135,"column":null}},"63":{"start":{"line":136,"column":23},"end":{"line":136,"column":null}},"64":{"start":{"line":138,"column":4},"end":{"line":148,"column":null}},"65":{"start":{"line":138,"column":17},"end":{"line":138,"column":20}},"66":{"start":{"line":139,"column":25},"end":{"line":139,"column":null}},"67":{"start":{"line":140,"column":6},"end":{"line":140,"column":null}},"68":{"start":{"line":140,"column":31},"end":{"line":140,"column":null}},"69":{"start":{"line":142,"column":27},"end":{"line":142,"column":null}},"70":{"start":{"line":143,"column":6},"end":{"line":145,"column":null}},"71":{"start":{"line":144,"column":8},"end":{"line":144,"column":null}},"72":{"start":{"line":145,"column":8},"end":{"line":145,"column":null}},"73":{"start":{"line":147,"column":6},"end":{"line":147,"column":null}},"74":{"start":{"line":148,"column":6},"end":{"line":148,"column":null}},"75":{"start":{"line":151,"column":4},"end":{"line":151,"column":null}},"76":{"start":{"line":152,"column":4},"end":{"line":152,"column":null}},"77":{"start":{"line":156,"column":4},"end":{"line":156,"column":null}},"78":{"start":{"line":160,"column":4},"end":{"line":160,"column":null}},"79":{"start":{"line":164,"column":4},"end":{"line":164,"column":null}},"80":{"start":{"line":168,"column":4},"end":{"line":168,"column":null}},"81":{"start":{"line":168,"column":36},"end":{"line":168,"column":null}},"82":{"start":{"line":169,"column":22},"end":{"line":169,"column":null}},"83":{"start":{"line":170,"column":4},"end":{"line":170,"column":null}},"84":{"start":{"line":170,"column":38},"end":{"line":170,"column":null}},"85":{"start":{"line":171,"column":28},"end":{"line":171,"column":77}},"86":{"start":{"line":171,"column":65},"end":{"line":171,"column":76}},"87":{"start":{"line":172,"column":4},"end":{"line":172,"column":null}},"88":{"start":{"line":176,"column":4},"end":{"line":176,"column":null}},"89":{"start":{"line":180,"column":4},"end":{"line":180,"column":null}},"90":{"start":{"line":180,"column":25},"end":{"line":180,"column":null}},"91":{"start":{"line":182,"column":24},"end":{"line":182,"column":null}},"92":{"start":{"line":183,"column":4},"end":{"line":189,"column":null}},"93":{"start":{"line":184,"column":21},"end":{"line":188,"column":9}},"94":{"start":{"line":187,"column":39},"end":{"line":187,"column":null}},"95":{"start":{"line":189,"column":23},"end":{"line":189,"column":46}}},"fnMap":{"0":{"name":"(anonymous_0)","decl":{"start":{"line":10,"column":2},"end":{"line":10,"column":10}},"loc":{"start":{"line":10,"column":52},"end":{"line":95,"column":null}},"line":10},"1":{"name":"(anonymous_1)","decl":{"start":{"line":98,"column":2},"end":{"line":98,"column":10}},"loc":{"start":{"line":98,"column":58},"end":{"line":126,"column":null}},"line":98},"2":{"name":"(anonymous_2)","decl":{"start":{"line":130,"column":2},"end":{"line":130,"column":10}},"loc":{"start":{"line":130,"column":48},"end":{"line":152,"column":null}},"line":130},"3":{"name":"(anonymous_3)","decl":{"start":{"line":155,"column":2},"end":{"line":155,"column":29}},"loc":{"start":{"line":155,"column":29},"end":{"line":156,"column":null}},"line":155},"4":{"name":"(anonymous_4)","decl":{"start":{"line":159,"column":2},"end":{"line":159,"column":28}},"loc":{"start":{"line":159,"column":28},"end":{"line":160,"column":null}},"line":159},"5":{"name":"(anonymous_5)","decl":{"start":{"line":163,"column":2},"end":{"line":163,"column":54}},"loc":{"start":{"line":163,"column":54},"end":{"line":164,"column":null}},"line":163},"6":{"name":"(anonymous_6)","decl":{"start":{"line":167,"column":2},"end":{"line":167,"column":29}},"loc":{"start":{"line":167,"column":29},"end":{"line":172,"column":null}},"line":167},"7":{"name":"(anonymous_7)","decl":{"start":{"line":171,"column":56},"end":{"line":171,"column":60}},"loc":{"start":{"line":171,"column":65},"end":{"line":171,"column":76}},"line":171},"8":{"name":"(anonymous_8)","decl":{"start":{"line":175,"column":2},"end":{"line":175,"column":18}},"loc":{"start":{"line":175,"column":51},"end":{"line":176,"column":null}},"line":175},"9":{"name":"(anonymous_9)","decl":{"start":{"line":179,"column":2},"end":{"line":179,"column":15}},"loc":{"start":{"line":179,"column":61},"end":{"line":189,"column":null}},"line":179},"10":{"name":"(anonymous_10)","decl":{"start":{"line":184,"column":7},"end":{"line":184,"column":11}},"loc":{"start":{"line":184,"column":21},"end":{"line":188,"column":9}},"line":184},"11":{"name":"(anonymous_11)","decl":{"start":{"line":187,"column":27},"end":{"line":187,"column":34}},"loc":{"start":{"line":187,"column":39},"end":{"line":187,"column":null}},"line":187},"12":{"name":"(anonymous_12)","decl":{"start":{"line":189,"column":7},"end":{"line":189,"column":14}},"loc":{"start":{"line":189,"column":23},"end":{"line":189,"column":46}},"line":189}},"branchMap":{"0":{"loc":{"start":{"line":16,"column":4},"end":{"line":16,"column":null}},"type":"if","locations":[{"start":{"line":16,"column":4},"end":{"line":16,"column":null}},{"start":{},"end":{}}],"line":16},"1":{"loc":{"start":{"line":33,"column":6},"end":{"line":34,"column":null}},"type":"if","locations":[{"start":{"line":33,"column":6},"end":{"line":34,"column":null}},{"start":{},"end":{}}],"line":33},"2":{"loc":{"start":{"line":43,"column":6},"end":{"line":73,"column":null}},"type":"if","locations":[{"start":{"line":43,"column":6},"end":{"line":73,"column":null}},{"start":{},"end":{}}],"line":43},"3":{"loc":{"start":{"line":46,"column":12},"end":{"line":46,"column":null}},"type":"if","locations":[{"start":{"line":46,"column":12},"end":{"line":46,"column":null}},{"start":{},"end":{}}],"line":46},"4":{"loc":{"start":{"line":53,"column":28},"end":{"line":53,"column":null}},"type":"binary-expr","locations":[{"start":{"line":53,"column":28},"end":{"line":53,"column":71}},{"start":{"line":53,"column":71},"end":{"line":53,"column":null}}],"line":53},"5":{"loc":{"start":{"line":54,"column":27},"end":{"line":54,"column":null}},"type":"cond-expr","locations":[{"start":{"line":54,"column":43},"end":{"line":54,"column":47}},{"start":{"line":54,"column":47},"end":{"line":54,"column":null}}],"line":54},"6":{"loc":{"start":{"line":66,"column":21},"end":{"line":66,"column":null}},"type":"binary-expr","locations":[{"start":{"line":66,"column":21},"end":{"line":66,"column":56}},{"start":{"line":66,"column":56},"end":{"line":66,"column":null}}],"line":66},"7":{"loc":{"start":{"line":67,"column":20},"end":{"line":68,"column":null}},"type":"binary-expr","locations":[{"start":{"line":67,"column":20},"end":{"line":67,"column":50}},{"start":{"line":67,"column":50},"end":{"line":67,"column":null}},{"start":{"line":68,"column":20},"end":{"line":68,"column":null}}],"line":67},"8":{"loc":{"start":{"line":72,"column":12},"end":{"line":73,"column":null}},"type":"if","locations":[{"start":{"line":72,"column":12},"end":{"line":73,"column":null}},{"start":{},"end":{}}],"line":72},"9":{"loc":{"start":{"line":79,"column":6},"end":{"line":87,"column":null}},"type":"if","locations":[{"start":{"line":79,"column":6},"end":{"line":87,"column":null}},{"start":{},"end":{}}],"line":79},"10":{"loc":{"start":{"line":101,"column":4},"end":{"line":101,"column":null}},"type":"if","locations":[{"start":{"line":101,"column":4},"end":{"line":101,"column":null}},{"start":{},"end":{}}],"line":101},"11":{"loc":{"start":{"line":104,"column":4},"end":{"line":108,"column":null}},"type":"if","locations":[{"start":{"line":104,"column":4},"end":{"line":108,"column":null}},{"start":{},"end":{}}],"line":104},"12":{"loc":{"start":{"line":106,"column":8},"end":{"line":108,"column":null}},"type":"if","locations":[{"start":{"line":106,"column":8},"end":{"line":108,"column":null}},{"start":{},"end":{}}],"line":106},"13":{"loc":{"start":{"line":116,"column":6},"end":{"line":120,"column":null}},"type":"if","locations":[{"start":{"line":116,"column":6},"end":{"line":120,"column":null}},{"start":{},"end":{}}],"line":116},"14":{"loc":{"start":{"line":125,"column":4},"end":{"line":126,"column":null}},"type":"if","locations":[{"start":{"line":125,"column":4},"end":{"line":126,"column":null}},{"start":{},"end":{}}],"line":125},"15":{"loc":{"start":{"line":135,"column":21},"end":{"line":135,"column":null}},"type":"binary-expr","locations":[{"start":{"line":135,"column":21},"end":{"line":135,"column":46}},{"start":{"line":135,"column":46},"end":{"line":135,"column":null}}],"line":135},"16":{"loc":{"start":{"line":140,"column":6},"end":{"line":140,"column":null}},"type":"if","locations":[{"start":{"line":140,"column":6},"end":{"line":140,"column":null}},{"start":{},"end":{}}],"line":140},"17":{"loc":{"start":{"line":143,"column":6},"end":{"line":145,"column":null}},"type":"if","locations":[{"start":{"line":143,"column":6},"end":{"line":145,"column":null}},{"start":{},"end":{}}],"line":143},"18":{"loc":{"start":{"line":168,"column":4},"end":{"line":168,"column":null}},"type":"if","locations":[{"start":{"line":168,"column":4},"end":{"line":168,"column":null}},{"start":{},"end":{}}],"line":168},"19":{"loc":{"start":{"line":170,"column":4},"end":{"line":170,"column":null}},"type":"if","locations":[{"start":{"line":170,"column":4},"end":{"line":170,"column":null}},{"start":{},"end":{}}],"line":170},"20":{"loc":{"start":{"line":176,"column":11},"end":{"line":176,"column":null}},"type":"binary-expr","locations":[{"start":{"line":176,"column":11},"end":{"line":176,"column":35}},{"start":{"line":176,"column":35},"end":{"line":176,"column":null}}],"line":176},"21":{"loc":{"start":{"line":180,"column":4},"end":{"line":180,"column":null}},"type":"if","locations":[{"start":{"line":180,"column":4},"end":{"line":180,"column":null}},{"start":{},"end":{}}],"line":180},"22":{"loc":{"start":{"line":182,"column":24},"end":{"line":182,"column":null}},"type":"cond-expr","locations":[{"start":{"line":182,"column":43},"end":{"line":182,"column":47}},{"start":{"line":182,"column":47},"end":{"line":182,"column":null}}],"line":182}},"s":{"0":19,"1":19,"2":19,"3":19,"4":19,"5":19,"6":19,"7":19,"8":0,"9":19,"10":19,"11":19,"12":19,"13":19,"14":34,"15":34,"16":34,"17":34,"18":34,"19":0,"20":34,"21":34,"22":34,"23":34,"24":34,"25":34,"26":36,"27":36,"28":1,"29":35,"30":35,"31":35,"32":35,"33":36,"34":36,"35":36,"36":36,"37":36,"38":34,"39":34,"40":32,"41":32,"42":34,"43":19,"44":19,"45":19,"46":19,"47":0,"48":19,"49":18,"50":18,"51":18,"52":18,"53":19,"54":19,"55":20,"56":19,"57":20,"58":19,"59":1,"60":69,"61":69,"62":69,"63":69,"64":69,"65":69,"66":4,"67":4,"68":4,"69":0,"70":0,"71":0,"72":0,"73":0,"74":0,"75":69,"76":69,"77":5,"78":3,"79":3,"80":4,"81":2,"82":2,"83":2,"84":0,"85":2,"86":2,"87":2,"88":2,"89":5,"90":1,"91":4,"92":5,"93":14,"94":14,"95":14},"f":{"0":19,"1":19,"2":69,"3":5,"4":3,"5":3,"6":4,"7":2,"8":2,"9":5,"10":14,"11":14,"12":14},"b":{"0":[0,19],"1":[0,34],"2":[34,0],"3":[1,35],"4":[35,0],"5":[30,5],"6":[36,0],"7":[36,1,1],"8":[34,2],"9":[32,2],"10":[0,19],"11":[18,1],"12":[18,0],"13":[19,1],"14":[1,18],"15":[69,0],"16":[4,0],"17":[0,0],"18":[2,2],"19":[0,2],"20":[2,1],"21":[1,4],"22":[2,2]},"meta":{"lastBranch":23,"lastFunction":13,"lastStatement":96,"seen":{"s:6:34:6:36":0,"s:7:59:7:61":1,"s:8:25:8:Infinity":2,"f:10:2:10:10":0,"s:11:4:11:Infinity":3,"s:12:4:12:Infinity":4,"s:13:4:13:Infinity":5,"s:15:19:15:Infinity":6,"b:16:4:16:Infinity:undefined:undefined:undefined:undefined":0,"s:16:4:16:Infinity":7,"s:16:17:16:Infinity":8,"s:18:4:18:Infinity":9,"s:19:16:19:Infinity":10,"s:22:23:22:Infinity":11,"s:23:32:23:Infinity":12,"s:25:4:90:Infinity":13,"s:26:32:26:34":14,"s:27:23:27:Infinity":15,"s:28:23:28:Infinity":16,"s:29:28:29:Infinity":17,"b:33:6:34:Infinity:undefined:undefined:undefined:undefined":1,"s:33:6:34:Infinity":18,"s:34:8:34:Infinity":19,"s:36:6:36:Infinity":20,"s:38:29:38:Infinity":21,"s:39:24:39:59":22,"s:42:22:42:Infinity":23,"b:43:6:73:Infinity:undefined:undefined:undefined:undefined":2,"s:43:6:73:Infinity":24,"s:44:8:73:Infinity":25,"s:45:10:73:Infinity":26,"b:46:12:46:Infinity:undefined:undefined:undefined:undefined":3,"s:46:12:46:Infinity":27,"s:46:31:46:Infinity":28,"s:48:29:48:Infinity":29,"s:50:31:50:Infinity":30,"s:52:31:52:Infinity":31,"s:53:28:53:Infinity":32,"b:53:28:53:71:53:71:53:Infinity":4,"s:54:27:54:Infinity":33,"b:54:43:54:47:54:47:54:Infinity":5,"s:56:34:56:Infinity":34,"s:57:29:57:63":35,"s:59:39:69:Infinity":36,"b:66:21:66:56:66:56:66:Infinity":6,"b:67:20:67:50:67:50:67:Infinity:68:20:68:Infinity":7,"b:72:12:73:Infinity:undefined:undefined:undefined:undefined":8,"s:72:12:73:Infinity":37,"s:73:14:73:Infinity":38,"b:79:6:87:Infinity:undefined:undefined:undefined:undefined":9,"s:79:6:87:Infinity":39,"s:80:8:86:Infinity":40,"s:87:8:87:Infinity":41,"s:90:6:90:Infinity":42,"s:94:4:94:Infinity":43,"s:95:4:95:Infinity":44,"f:98:2:98:10":1,"s:100:19:100:Infinity":45,"b:101:4:101:Infinity:undefined:undefined:undefined:undefined":10,"s:101:4:101:Infinity":46,"s:101:16:101:Infinity":47,"b:104:4:108:Infinity:undefined:undefined:undefined:undefined":11,"s:104:4:108:Infinity":48,"s:105:6:108:Infinity":49,"b:106:8:108:Infinity:undefined:undefined:undefined:undefined":12,"s:106:8:108:Infinity":50,"s:107:10:107:Infinity":51,"s:108:10:108:Infinity":52,"s:114:22:114:Infinity":53,"s:115:4:122:Infinity":54,"b:116:6:120:Infinity:undefined:undefined:undefined:undefined":13,"s:116:6:120:Infinity":55,"s:117:8:120:Infinity":56,"s:122:6:122:Infinity":57,"b:125:4:126:Infinity:undefined:undefined:undefined:undefined":14,"s:125:4:126:Infinity":58,"s:126:6:126:Infinity":59,"f:130:2:130:10":2,"s:133:18:133:Infinity":60,"s:134:25:134:Infinity":61,"s:135:21:135:Infinity":62,"b:135:21:135:46:135:46:135:Infinity":15,"s:136:23:136:Infinity":63,"s:138:4:148:Infinity":64,"s:138:17:138:20":65,"s:139:25:139:Infinity":66,"b:140:6:140:Infinity:undefined:undefined:undefined:undefined":16,"s:140:6:140:Infinity":67,"s:140:31:140:Infinity":68,"s:142:27:142:Infinity":69,"b:143:6:145:Infinity:undefined:undefined:undefined:undefined":17,"s:143:6:145:Infinity":70,"s:144:8:144:Infinity":71,"s:145:8:145:Infinity":72,"s:147:6:147:Infinity":73,"s:148:6:148:Infinity":74,"s:151:4:151:Infinity":75,"s:152:4:152:Infinity":76,"f:155:2:155:29":3,"s:156:4:156:Infinity":77,"f:159:2:159:28":4,"s:160:4:160:Infinity":78,"f:163:2:163:54":5,"s:164:4:164:Infinity":79,"f:167:2:167:29":6,"b:168:4:168:Infinity:undefined:undefined:undefined:undefined":18,"s:168:4:168:Infinity":80,"s:168:36:168:Infinity":81,"s:169:22:169:Infinity":82,"b:170:4:170:Infinity:undefined:undefined:undefined:undefined":19,"s:170:4:170:Infinity":83,"s:170:38:170:Infinity":84,"s:171:28:171:77":85,"f:171:56:171:60":7,"s:171:65:171:76":86,"s:172:4:172:Infinity":87,"f:175:2:175:18":8,"s:176:4:176:Infinity":88,"b:176:11:176:35:176:35:176:Infinity":20,"f:179:2:179:15":9,"b:180:4:180:Infinity:undefined:undefined:undefined:undefined":21,"s:180:4:180:Infinity":89,"s:180:25:180:Infinity":90,"s:182:24:182:Infinity":91,"b:182:43:182:47:182:47:182:Infinity":22,"s:183:4:189:Infinity":92,"f:184:7:184:11":10,"s:184:21:188:9":93,"f:187:27:187:34":11,"s:187:39:187:Infinity":94,"f:189:7:189:14":12,"s:189:23:189:46":95}}}
}
